#
# A fatal error has been detected by the Java Runtime Environment:
#
#  SIGSEGV (0xb) at pc=0x00007f2e70e57d66, pid=7810, tid=7816
#
# JRE version: OpenJDK Runtime Environment (11.0.12+7) (build 11.0.12+7-suse-3.1-x8664)
# Java VM: OpenJDK 64-Bit Server VM (11.0.12+7-suse-3.1-x8664, mixed mode, tiered, compressed oops, g1 gc, linux-amd64)
# Problematic frame:
# V  [libjvm.so+0xbaad66]  MethodData::clean_method_data(bool)+0x56
#
# Core dump will be written. Default location: Core dumps may be processed with "/bin/false" (or dumping to /home/nourhene/Desktop/Tama/Tama-Back2/backend-TAMA/core.7810)
#
# If you would like to submit a bug report, please visit:
#   https://bugreport.java.com/bugreport/crash.jsp
#

---------------  S U M M A R Y ------------

Command Line: -Dcom.sun.management.jmxremote -Dcom.sun.management.jmxremote.port=41341 -Dcom.sun.management.jmxremote.authenticate=false -Dcom.sun.management.jmxremote.ssl=false -Djava.rmi.server.hostname=localhost -Dspring.jmx.enabled=true -Dspring.application.admin.enabled=true -Djava.security.egd=file:/dev/./urandom -Xverify:none -XX:TieredStopAtLevel=1 -Dspring.boot.project.name=tama -Dfile.encoding=UTF-8 com.eniso.tama.TamaApplication --spring.output.ansi.enabled=always

Host: Intel(R) Core(TM) i7-7500U CPU @ 2.70GHz, 4 cores, 15G, openSUSE Tumbleweed
Time: Wed Oct  6 19:32:11 2021 CET elapsed time: 4567.747720 seconds (0d 1h 16m 7s)

---------------  T H R E A D  ---------------

Current thread (0x00007f2e6802f000):  GCTaskThread "GC Thread#0" [stack: 0x00007f2e6fb38000,0x00007f2e6fc38000] [id=7816]

Stack: [0x00007f2e6fb38000,0x00007f2e6fc38000],  sp=0x00007f2e6fc36c60,  free space=1019k
Native frames: (J=compiled Java code, A=aot compiled Java code, j=interpreted, Vv=VM code, C=native code)
V  [libjvm.so+0xbaad66]  MethodData::clean_method_data(bool)+0x56
V  [libjvm.so+0x866c83]  InstanceKlass::clean_weak_instanceklass_links()+0x53
V  [libjvm.so+0x779698]  G1ParallelCleaningTask::work(unsigned int)+0x2b8
V  [libjvm.so+0xec8c1e]  GangWorker::loop()+0x4e
V  [libjvm.so+0xe2c9cc]  Thread::call_run()+0x13c
V  [libjvm.so+0xc1646e]  thread_native_entry(Thread*)+0xee


siginfo: si_signo: 11 (SIGSEGV), si_code: 1 (SEGV_MAPERR), si_addr: 0x00000000000c0130

Register to memory mapping:

RAX=0x00000000000003d8 is an unknown value
RBX=0x0000000000000001 is an unknown value
RCX=0x00007f2e68024888 points into unknown readable memory: 0x0000000000000035 | 35 00 00 00 00 00 00 00
RDX=0x00007f2e68030350 points into unknown readable memory: 0x0000000000000002 | 02 00 00 00 00 00 00 00
RSP=0x00007f2e6fc36c60 points into unknown readable memory: 0x00007f2e50c39e3a | 3a 9e c3 50 2e 7f 00 00
RBP=0x00007f2e6fc36cd0 points into unknown readable memory: 0x00007f2e6fc36d00 | 00 6d c3 6f 2e 7f 00 00
RSI=0x0 is NULL
RDI=0x00007f2e714d5fd8: <offset 0x0000000001228fd8> in /usr/lib64/jvm/java-11-openjdk-11/lib/server/libjvm.so at 0x00007f2e702ad000
R8 =0x0000000800980470 is a pointer to class: 
com.fasterxml.jackson.databind.util.ViewMatcher {0x0000000800980470}
R9 =0x00007f2e50c39c80 points into unknown readable memory: 0x0000000000000008 | 08 00 00 00 00 00 00 00
R10=0x00007f2e6fc38000 points into unknown readable memory: 0x0006050403020100 | 00 01 02 03 04 05 06 00
R11=0x0000000000000246 is an unknown value
R12=0x00000000000c0000 is an unknown value
R13=0x00000000000c0138 is an unknown value
R14=0x00007f2e68024888 points into unknown readable memory: 0x0000000000000035 | 35 00 00 00 00 00 00 00
R15=0x00000000000003d8 is an unknown value


Registers:
RAX=0x00000000000003d8, RBX=0x0000000000000001, RCX=0x00007f2e68024888, RDX=0x00007f2e68030350
RSP=0x00007f2e6fc36c60, RBP=0x00007f2e6fc36cd0, RSI=0x0000000000000000, RDI=0x00007f2e714d5fd8
R8 =0x0000000800980470, R9 =0x00007f2e50c39c80, R10=0x00007f2e6fc38000, R11=0x0000000000000246
R12=0x00000000000c0000, R13=0x00000000000c0138, R14=0x00007f2e68024888, R15=0x00000000000003d8
RIP=0x00007f2e70e57d66, EFLAGS=0x0000000000010202, CSGSFS=0x002b000000000033, ERR=0x0000000000000004
  TRAPNO=0x000000000000000e

Top of Stack: (sp=0x00007f2e6fc36c60)
0x00007f2e6fc36c60:   00007f2e50c39e3a 00000000000003d8
0x00007f2e6fc36c70:   00007f2e680244a0 00007f2e680244b0
0x00007f2e6fc36c80:   00007f2e68024888 0000000000c39e40
0x00007f2e6fc36c90:   00007f2e680244a0 00007f2e6802f720 

Instructions: (pc=0x00007f2e70e57d66)
0x00007f2e70e57c66:   34 06 00 41 0f b6 55 00 e9 66 fe ff ff 0f 1f 44
0x00007f2e70e57c76:   00 00 41 0f b6 55 00 b8 01 00 00 00 80 fa 01 76
0x00007f2e70e57c86:   0a b8 02 00 00 00 80 fa 0d 75 1f 41 01 c4 e9 40
0x00007f2e70e57c96:   fe ff ff 0f 1f 80 00 00 00 00 48 8b 04 25 08 00
0x00007f2e70e57ca6:   00 00 e9 c1 fe ff ff 0f 1f 00 48 8d 05 d1 2e 68
0x00007f2e70e57cb6:   00 4c 89 fa be 2d 05 00 00 4c 89 f7 48 8b 00 c6
0x00007f2e70e57cc6:   00 58 41 0f b6 4d 00 31 c0 e8 3c 4a af ff e8 37
0x00007f2e70e57cd6:   34 06 00 41 0f b6 55 00 b8 01 00 00 00 eb ac 0f
0x00007f2e70e57ce6:   1f 00 4c 89 e7 ff d0 e9 78 fd ff ff 66 66 2e 0f
0x00007f2e70e57cf6:   1f 84 00 00 00 00 00 0f 1f 00 c3 90 66 66 2e 0f
0x00007f2e70e57d06:   1f 84 00 00 00 00 00 0f 1f 00 55 48 89 e5 41 57
0x00007f2e70e57d16:   41 56 41 55 41 54 49 89 fc 53 4d 8d ac 24 38 01
0x00007f2e70e57d26:   00 00 48 83 ec 48 89 75 bc 40 88 75 bb 66 48 8d
0x00007f2e70e57d36:   3d 9d e2 67 00 66 66 48 e8 1d 78 6d ff 48 8b 00
0x00007f2e70e57d46:   48 8b 80 78 02 00 00 f3 0f 6f 40 10 48 8b 48 20
0x00007f2e70e57d56:   48 89 45 c8 48 8b 40 28 48 89 4d b0 48 89 45 98
0x00007f2e70e57d66:   41 8b 84 24 30 01 00 00 0f 29 45 a0 66 0f d6 45
0x00007f2e70e57d76:   c0 85 c0 7e 55 4c 89 ef e8 4d cb ff ff 49 89 c7
0x00007f2e70e57d86:   48 85 c0 74 45 44 0f b6 75 bc 49 8b 07 44 89 f6
0x00007f2e70e57d96:   4c 89 ff ff 90 80 00 00 00 49 8b 5f 08 49 8b 07
0x00007f2e70e57da6:   4c 89 ff ff 10 4c 29 eb 8d 7c c3 08 41 3b bc 24
0x00007f2e70e57db6:   30 01 00 00 7d 14 48 63 ff 4c 01 ef e8 09 cb ff
0x00007f2e70e57dc6:   ff 49 89 c7 48 85 c0 75 c1 90 49 63 bc 24 34 01
0x00007f2e70e57dd6:   00 00 83 ff fe 0f 84 6f 03 00 00 4c 01 ef e8 e7
0x00007f2e70e57de6:   ca ff ff 49 89 c6 48 8b 00 4c 89 f7 ff 50 68 4d
0x00007f2e70e57df6:   85 f6 0f 84 7c 00 00 00 84 c0 74 78 49 8b 06 48
0x00007f2e70e57e06:   8d 15 f4 1c 94 ff 48 8b 80 80 00 00 00 48 39 d0
0x00007f2e70e57e16:   0f 85 0c 04 00 00 41 8b 4e 1c 85 c9 7e 56 80 7d
0x00007f2e70e57e26:   bc 00 0f 85 42 03 00 00 bf 01 00 00 00 31 f6 0f
0x00007f2e70e57e36:   1f 00 49 8b 56 10 41 8b 46 18 4c 8b 42 08 01 f8
0x00007f2e70e57e46:   48 98 49 8b 54 c0 08 49 89 d1 49 83 e1 fc 74 1a
0x00007f2e70e57e56:   4d 8b 89 98 00 00 00 41 80 79 20 00 74 0c 83 e2 


Stack slot to memory mapping:
stack at sp + 0 slots: 0x00007f2e50c39e3a is at entry_point+-6 in (nmethod*)0x00007f2e50c39c90
stack at sp + 1 slots: 0x00000000000003d8 is an unknown value
stack at sp + 2 slots: 0x00007f2e680244a0 points into unknown readable memory: 0x0000000000000000 | 00 00 00 00 00 00 00 00
stack at sp + 3 slots: 0x00007f2e680244b0 points into unknown readable memory: 0x6e616c2e6176616a | 6a 61 76 61 2e 6c 61 6e
stack at sp + 4 slots: 0x00007f2e68024888 points into unknown readable memory: 0x0000000000000035 | 35 00 00 00 00 00 00 00
stack at sp + 5 slots: 0x0000000000c39e40 is an unknown value
stack at sp + 6 slots: 0x00007f2e680244a0 points into unknown readable memory: 0x0000000000000000 | 00 00 00 00 00 00 00 00
stack at sp + 7 slots: 0x00007f2e6802f720 points into unknown readable memory: 0x0000000000000002 | 02 00 00 00 00 00 00 00


---------------  P R O C E S S  ---------------

Threads class SMR info:
_java_thread_list=0x00007f2dd035d1c0, length=18, elements={
0x00007f2e681ea800, 0x00007f2e681ee800, 0x00007f2e68207800, 0x00007f2e68209800,
0x00007f2e6820b800, 0x00007f2e6820d800, 0x00007f2e682d4800, 0x00007f2e68797800,
0x00007f2e6879d800, 0x00007f2e687d0000, 0x00007f2dec00f000, 0x00007f2dfc001800,
0x00007f2de400c000, 0x00007f2de09e8000, 0x00007f2de0c90000, 0x00007f2e68017000,
0x00007f2dd060b000, 0x00007f2dc804d000
}

Java Threads: ( => current thread )
  0x00007f2e681ea800 JavaThread "Reference Handler" daemon [_thread_blocked, id=7822, stack(0x00007f2e6cc0a000,0x00007f2e6cd0a000)]
  0x00007f2e681ee800 JavaThread "Finalizer" daemon [_thread_blocked, id=7823, stack(0x00007f2e6cb0a000,0x00007f2e6cc0a000)]
  0x00007f2e68207800 JavaThread "Signal Dispatcher" daemon [_thread_blocked, id=7824, stack(0x00007f2e6c72c000,0x00007f2e6c82c000)]
  0x00007f2e68209800 JavaThread "Service Thread" daemon [_thread_blocked, id=7825, stack(0x00007f2e6c62c000,0x00007f2e6c72c000)]
  0x00007f2e6820b800 JavaThread "C1 CompilerThread0" daemon [_thread_blocked, id=7826, stack(0x00007f2e6c52c000,0x00007f2e6c62c000)]
  0x00007f2e6820d800 JavaThread "Sweeper thread" daemon [_thread_blocked, id=7827, stack(0x00007f2e6c42c000,0x00007f2e6c52c000)]
  0x00007f2e682d4800 JavaThread "Common-Cleaner" daemon [_thread_blocked, id=7828, stack(0x00007f2e6c32c000,0x00007f2e6c42c000)]
  0x00007f2e68797800 JavaThread "RMI TCP Accept-0" daemon [_thread_in_native, id=7833, stack(0x00007f2e442b0000,0x00007f2e443b0000)]
  0x00007f2e6879d800 JavaThread "RMI TCP Accept-41341" daemon [_thread_in_native, id=7834, stack(0x00007f2e441b0000,0x00007f2e442b0000)]
  0x00007f2e687d0000 JavaThread "RMI TCP Accept-0" daemon [_thread_in_native, id=7835, stack(0x00007f2e440b0000,0x00007f2e441b0000)]
  0x00007f2dec00f000 JavaThread "RMI Scheduler(0)" daemon [_thread_blocked, id=7840, stack(0x00007f2e3d8fe000,0x00007f2e3d9fe000)]
  0x00007f2dfc001800 JavaThread "RMI TCP Connection(79)-127.0.0.1" daemon [_thread_in_native, id=7841, stack(0x00007f2e3d7fe000,0x00007f2e3d8fe000)]
  0x00007f2de400c000 JavaThread "JMX server connection timeout 18" daemon [_thread_blocked, id=7842, stack(0x00007f2e3d6fe000,0x00007f2e3d7fe000)]
  0x00007f2de09e8000 JavaThread "mysql-cj-abandoned-connection-cleanup" daemon [_thread_blocked, id=7850, stack(0x00007f2e3d3fe000,0x00007f2e3d4fe000)]
  0x00007f2de0c90000 JavaThread "Live Reload Server" daemon [_thread_in_native, id=7859, stack(0x00007f2dda800000,0x00007f2dda900000)]
  0x00007f2e68017000 JavaThread "DestroyJavaVM" [_thread_blocked, id=7812, stack(0x00007f2e6fe9e000,0x00007f2e6ff9e000)]
  0x00007f2dd060b000 JavaThread "http-nio-8080-Acceptor" daemon [_thread_blocked, id=9025, stack(0x00007f2ddb400000,0x00007f2ddb500000)]
  0x00007f2dc804d000 JavaThread "Thread-63" [_thread_blocked, id=10288, stack(0x00007f2ddbb00000,0x00007f2ddbc00000)]

Other Threads:
  0x00007f2e681e2000 VMThread "VM Thread" [stack: 0x00007f2e6cd0c000,0x00007f2e6ce0c000] [id=7821]
  0x00007f2e687d3000 WatcherThread [stack: 0x00007f2e3dd00000,0x00007f2e3de00000] [id=7836]
=>0x00007f2e6802f000 GCTaskThread "GC Thread#0" [stack: 0x00007f2e6fb38000,0x00007f2e6fc38000] [id=7816]
  0x00007f2e30001000 GCTaskThread "GC Thread#1" [stack: 0x00007f2e50492000,0x00007f2e50592000] [id=7829]
  0x00007f2e30002800 GCTaskThread "GC Thread#2" [stack: 0x00007f2e50390000,0x00007f2e50490000] [id=7830]
  0x00007f2e30004000 GCTaskThread "GC Thread#3" [stack: 0x00007f2e5028e000,0x00007f2e5038e000] [id=7831]
  0x00007f2e6808d000 ConcurrentGCThread "G1 Main Marker" [stack: 0x00007f2e6de5e000,0x00007f2e6df5e000] [id=7817]
  0x00007f2e6808e800 ConcurrentGCThread "G1 Conc#0" [stack: 0x00007f2e6dd5c000,0x00007f2e6de5c000] [id=7818]
  0x00007f2e6817e000 ConcurrentGCThread "G1 Refine#0" [stack: 0x00007f2e6d856000,0x00007f2e6d956000] [id=7819]
  0x00007f2e6817f800 ConcurrentGCThread "G1 Young RemSet Sampling" [stack: 0x00007f2e6d754000,0x00007f2e6d854000] [id=7820]

Threads with active compile tasks:

VM state:at safepoint (normal execution)

VM Mutex/Monitor currently owned by a thread:  ([mutex/lock_event])
[0x00007f2e68015630] Threads_lock - owner thread: 0x00007f2e681e2000
[0x00007f2e68015e10] Heap_lock - owner thread: 0x00007f2dc804d000

Heap address: 0x0000000707600000, size: 3978 MB, Compressed Oops mode: Zero based, Oop shift amount: 3
Narrow klass base: 0x0000000800000000, Narrow klass shift: 0
Compressed class space size: 1073741824 Address: 0x0000000800000000

Heap:
 garbage-first heap   total 130048K, used 101133K [0x0000000707600000, 0x0000000800000000)
  region size 1024K, 44 young (45056K), 4 survivors (4096K)
 Metaspace       used 95332K, capacity 98717K, committed 98892K, reserved 1136640K
  class space    used 11284K, capacity 12576K, committed 12672K, reserved 1048576K
Heap Regions: E=young(eden), S=young(survivor), O=old, HS=humongous(starts), HC=humongous(continues), CS=collection set, F=free, A=archive, TAMS=top-at-mark-start (previous, next)
|   0|0x0000000707600000, 0x0000000707700000, 0x0000000707700000|100%|HS|  |TAMS 0x0000000707600000, 0x0000000707600000| Untracked 
|   1|0x0000000707700000, 0x00000007077f2350, 0x0000000707800000| 94%| O|  |TAMS 0x0000000707700000, 0x0000000707700000| Untracked 
|   2|0x0000000707800000, 0x00000007078fe8c8, 0x0000000707900000| 99%| O|  |TAMS 0x0000000707800000, 0x0000000707800000| Untracked 
|   3|0x0000000707900000, 0x00000007079feff8, 0x0000000707a00000| 99%| O|  |TAMS 0x0000000707900000, 0x0000000707900000| Untracked 
|   4|0x0000000707a00000, 0x0000000707affff8, 0x0000000707b00000| 99%| O|  |TAMS 0x0000000707a00000, 0x0000000707a00000| Untracked 
|   5|0x0000000707b00000, 0x0000000707bfffb8, 0x0000000707c00000| 99%| O|  |TAMS 0x0000000707b00000, 0x0000000707b00000| Untracked 
|   6|0x0000000707c00000, 0x0000000707cffff8, 0x0000000707d00000| 99%| O|  |TAMS 0x0000000707c00000, 0x0000000707c00000| Untracked 
|   7|0x0000000707d00000, 0x0000000707e00000, 0x0000000707e00000|100%| O|  |TAMS 0x0000000707d00000, 0x0000000707d00000| Untracked 
|   8|0x0000000707e00000, 0x0000000707f00000, 0x0000000707f00000|100%| O|  |TAMS 0x0000000707e00000, 0x0000000707e00000| Untracked 
|   9|0x0000000707f00000, 0x0000000707ffffd8, 0x0000000708000000| 99%| O|  |TAMS 0x0000000707f00000, 0x0000000707f00000| Untracked 
|  10|0x0000000708000000, 0x0000000708100000, 0x0000000708100000|100%| O|  |TAMS 0x0000000708000000, 0x0000000708000000| Untracked 
|  11|0x0000000708100000, 0x00000007081ffff8, 0x0000000708200000| 99%| O|  |TAMS 0x0000000708100000, 0x0000000708100000| Untracked 
|  12|0x0000000708200000, 0x00000007082fffe0, 0x0000000708300000| 99%| O|  |TAMS 0x0000000708200000, 0x0000000708200000| Untracked 
|  13|0x0000000708300000, 0x00000007083ffff0, 0x0000000708400000| 99%| O|  |TAMS 0x0000000708300000, 0x0000000708300000| Untracked 
|  14|0x0000000708400000, 0x00000007084ffff0, 0x0000000708500000| 99%| O|  |TAMS 0x0000000708400000, 0x0000000708400000| Untracked 
|  15|0x0000000708500000, 0x00000007085ffff8, 0x0000000708600000| 99%| O|  |TAMS 0x0000000708500000, 0x0000000708500000| Untracked 
|  16|0x0000000708600000, 0x00000007086fffc0, 0x0000000708700000| 99%| O|  |TAMS 0x0000000708600000, 0x0000000708600000| Untracked 
|  17|0x0000000708700000, 0x0000000708800000, 0x0000000708800000|100%| O|  |TAMS 0x0000000708700000, 0x0000000708700000| Untracked 
|  18|0x0000000708800000, 0x00000007088fffc8, 0x0000000708900000| 99%| O|  |TAMS 0x0000000708800000, 0x0000000708800000| Untracked 
|  19|0x0000000708900000, 0x00000007089fffb0, 0x0000000708a00000| 99%| O|  |TAMS 0x0000000708900000, 0x0000000708900000| Untracked 
|  20|0x0000000708a00000, 0x0000000708affff8, 0x0000000708b00000| 99%| O|  |TAMS 0x0000000708a00000, 0x0000000708a00000| Untracked 
|  21|0x0000000708b00000, 0x0000000708c00000, 0x0000000708c00000|100%| O|  |TAMS 0x0000000708b00000, 0x0000000708b00000| Untracked 
|  22|0x0000000708c00000, 0x0000000708cffff8, 0x0000000708d00000| 99%| O|  |TAMS 0x0000000708c00000, 0x0000000708c00000| Untracked 
|  23|0x0000000708d00000, 0x0000000708dfff48, 0x0000000708e00000| 99%| O|  |TAMS 0x0000000708d00000, 0x0000000708d00000| Untracked 
|  24|0x0000000708e00000, 0x0000000708efffd0, 0x0000000708f00000| 99%| O|  |TAMS 0x0000000708e00000, 0x0000000708e00000| Untracked 
|  25|0x0000000708f00000, 0x0000000708fffff8, 0x0000000709000000| 99%| O|  |TAMS 0x0000000708f00000, 0x0000000708f00000| Untracked 
|  26|0x0000000709000000, 0x00000007090fffd0, 0x0000000709100000| 99%| O|  |TAMS 0x0000000709000000, 0x0000000709000000| Untracked 
|  27|0x0000000709100000, 0x00000007091fffb8, 0x0000000709200000| 99%| O|  |TAMS 0x0000000709100000, 0x0000000709100000| Untracked 
|  28|0x0000000709200000, 0x00000007092ffff8, 0x0000000709300000| 99%| O|  |TAMS 0x0000000709200000, 0x0000000709200000| Untracked 
|  29|0x0000000709300000, 0x00000007093ffff0, 0x0000000709400000| 99%| O|  |TAMS 0x0000000709300000, 0x0000000709300000| Untracked 
|  30|0x0000000709400000, 0x00000007094fffe8, 0x0000000709500000| 99%| O|  |TAMS 0x0000000709400000, 0x0000000709400000| Untracked 
|  31|0x0000000709500000, 0x0000000709600000, 0x0000000709600000|100%| O|  |TAMS 0x0000000709500000, 0x0000000709500000| Untracked 
|  32|0x0000000709600000, 0x00000007096ffff0, 0x0000000709700000| 99%| O|  |TAMS 0x0000000709600000, 0x0000000709600000| Untracked 
|  33|0x0000000709700000, 0x00000007097ffff8, 0x0000000709800000| 99%| O|  |TAMS 0x0000000709700000, 0x0000000709700000| Untracked 
|  34|0x0000000709800000, 0x00000007098ffff8, 0x0000000709900000| 99%| O|  |TAMS 0x0000000709800000, 0x0000000709800000| Untracked 
|  35|0x0000000709900000, 0x00000007099ffff0, 0x0000000709a00000| 99%| O|  |TAMS 0x0000000709900000, 0x0000000709900000| Untracked 
|  36|0x0000000709a00000, 0x0000000709affff0, 0x0000000709b00000| 99%| O|  |TAMS 0x0000000709a00000, 0x0000000709a00000| Untracked 
|  37|0x0000000709b00000, 0x0000000709bffff8, 0x0000000709c00000| 99%| O|  |TAMS 0x0000000709b00000, 0x0000000709b00000| Untracked 
|  38|0x0000000709c00000, 0x0000000709cffff8, 0x0000000709d00000| 99%| O|  |TAMS 0x0000000709c00000, 0x0000000709c00000| Untracked 
|  39|0x0000000709d00000, 0x0000000709dffff0, 0x0000000709e00000| 99%| O|  |TAMS 0x0000000709d00000, 0x0000000709d00000| Untracked 
|  40|0x0000000709e00000, 0x0000000709f00000, 0x0000000709f00000|100%| O|  |TAMS 0x0000000709e00000, 0x0000000709e00000| Untracked 
|  41|0x0000000709f00000, 0x000000070a000000, 0x000000070a000000|100%| O|  |TAMS 0x0000000709f00000, 0x0000000709f00000| Untracked 
|  42|0x000000070a000000, 0x000000070a0fffb8, 0x000000070a100000| 99%| O|  |TAMS 0x000000070a000000, 0x000000070a000000| Untracked 
|  43|0x000000070a100000, 0x000000070a1a7e40, 0x000000070a200000| 65%| O|  |TAMS 0x000000070a100000, 0x000000070a100000| Untracked 
|  44|0x000000070a200000, 0x000000070a264110, 0x000000070a300000| 39%| O|  |TAMS 0x000000070a200000, 0x000000070a200000| Untracked 
|  45|0x000000070a300000, 0x000000070a400000, 0x000000070a400000|100%| O|  |TAMS 0x000000070a300000, 0x000000070a300000| Untracked 
|  46|0x000000070a400000, 0x000000070a4ffff0, 0x000000070a500000| 99%| O|  |TAMS 0x000000070a400000, 0x000000070a400000| Untracked 
|  47|0x000000070a500000, 0x000000070a579900, 0x000000070a600000| 47%| O|  |TAMS 0x000000070a500000, 0x000000070a500000| Untracked 
|  48|0x000000070a600000, 0x000000070a700000, 0x000000070a700000|100%| O|  |TAMS 0x000000070a600000, 0x000000070a600000| Untracked 
|  49|0x000000070a700000, 0x000000070a800000, 0x000000070a800000|100%| O|  |TAMS 0x000000070a700000, 0x000000070a700000| Untracked 
|  50|0x000000070a800000, 0x000000070a900000, 0x000000070a900000|100%| O|  |TAMS 0x000000070a800000, 0x000000070a800000| Untracked 
|  51|0x000000070a900000, 0x000000070aa00000, 0x000000070aa00000|100%| O|  |TAMS 0x000000070a900000, 0x000000070a900000| Untracked 
|  52|0x000000070aa00000, 0x000000070ab00000, 0x000000070ab00000|100%| O|  |TAMS 0x000000070aa00000, 0x000000070aa00000| Untracked 
|  53|0x000000070ab00000, 0x000000070ac00000, 0x000000070ac00000|100%| O|  |TAMS 0x000000070ab00000, 0x000000070ab00000| Untracked 
|  54|0x000000070ac00000, 0x000000070ad00000, 0x000000070ad00000|100%| O|  |TAMS 0x000000070ac00000, 0x000000070ac00000| Untracked 
|  55|0x000000070ad00000, 0x000000070ae00000, 0x000000070ae00000|100%| O|  |TAMS 0x000000070ad00000, 0x000000070ad00000| Untracked 
|  56|0x000000070ae00000, 0x000000070aeec200, 0x000000070af00000| 92%| O|  |TAMS 0x000000070ae00000, 0x000000070ae00000| Untracked 
|  57|0x000000070af00000, 0x000000070af00000, 0x000000070b000000|  0%| F|  |TAMS 0x000000070af00000, 0x000000070af00000| Untracked 
|  58|0x000000070b000000, 0x000000070b000000, 0x000000070b100000|  0%| F|  |TAMS 0x000000070b000000, 0x000000070b000000| Untracked 
|  59|0x000000070b100000, 0x000000070b100000, 0x000000070b200000|  0%| F|  |TAMS 0x000000070b100000, 0x000000070b100000| Untracked 
|  60|0x000000070b200000, 0x000000070b200000, 0x000000070b300000|  0%| F|  |TAMS 0x000000070b200000, 0x000000070b200000| Untracked 
|  61|0x000000070b300000, 0x000000070b300000, 0x000000070b400000|  0%| F|  |TAMS 0x000000070b300000, 0x000000070b300000| Untracked 
|  62|0x000000070b400000, 0x000000070b400000, 0x000000070b500000|  0%| F|  |TAMS 0x000000070b400000, 0x000000070b400000| Untracked 
|  63|0x000000070b500000, 0x000000070b500000, 0x000000070b600000|  0%| F|  |TAMS 0x000000070b500000, 0x000000070b500000| Untracked 
|  64|0x000000070b600000, 0x000000070b600000, 0x000000070b700000|  0%| F|  |TAMS 0x000000070b600000, 0x000000070b600000| Untracked 
|  65|0x000000070b700000, 0x000000070b700000, 0x000000070b800000|  0%| F|  |TAMS 0x000000070b700000, 0x000000070b700000| Untracked 
|  66|0x000000070b800000, 0x000000070b800000, 0x000000070b900000|  0%| F|  |TAMS 0x000000070b800000, 0x000000070b800000| Untracked 
|  67|0x000000070b900000, 0x000000070b900000, 0x000000070ba00000|  0%| F|  |TAMS 0x000000070b900000, 0x000000070b900000| Untracked 
|  68|0x000000070ba00000, 0x000000070ba00000, 0x000000070bb00000|  0%| F|  |TAMS 0x000000070ba00000, 0x000000070ba00000| Untracked 
|  69|0x000000070bb00000, 0x000000070bb00000, 0x000000070bc00000|  0%| F|  |TAMS 0x000000070bb00000, 0x000000070bb00000| Untracked 
|  70|0x000000070bc00000, 0x000000070bc00000, 0x000000070bd00000|  0%| F|  |TAMS 0x000000070bc00000, 0x000000070bc00000| Untracked 
|  71|0x000000070bd00000, 0x000000070bd00000, 0x000000070be00000|  0%| F|  |TAMS 0x000000070bd00000, 0x000000070bd00000| Untracked 
|  72|0x000000070be00000, 0x000000070be00000, 0x000000070bf00000|  0%| F|  |TAMS 0x000000070be00000, 0x000000070be00000| Untracked 
|  73|0x000000070bf00000, 0x000000070bf00000, 0x000000070c000000|  0%| F|  |TAMS 0x000000070bf00000, 0x000000070bf00000| Untracked 
|  74|0x000000070c000000, 0x000000070c0ab340, 0x000000070c100000| 66%| S|  |TAMS 0x000000070c000000, 0x000000070c000000| Complete 
|  75|0x000000070c100000, 0x000000070c200000, 0x000000070c200000|100%| S|  |TAMS 0x000000070c100000, 0x000000070c100000| Complete 
|  76|0x000000070c200000, 0x000000070c300000, 0x000000070c300000|100%| S|  |TAMS 0x000000070c200000, 0x000000070c200000| Complete 
|  77|0x000000070c300000, 0x000000070c400000, 0x000000070c400000|100%| S|  |TAMS 0x000000070c300000, 0x000000070c300000| Complete 
|  78|0x000000070c400000, 0x000000070c400000, 0x000000070c500000|  0%| F|  |TAMS 0x000000070c400000, 0x000000070c400000| Untracked 
|  79|0x000000070c500000, 0x000000070c500000, 0x000000070c600000|  0%| F|  |TAMS 0x000000070c500000, 0x000000070c500000| Untracked 
|  80|0x000000070c600000, 0x000000070c600000, 0x000000070c700000|  0%| F|  |TAMS 0x000000070c600000, 0x000000070c600000| Untracked 
|  81|0x000000070c700000, 0x000000070c700000, 0x000000070c800000|  0%| F|  |TAMS 0x000000070c700000, 0x000000070c700000| Untracked 
|  82|0x000000070c800000, 0x000000070c800000, 0x000000070c900000|  0%| F|  |TAMS 0x000000070c800000, 0x000000070c800000| Untracked 
|  83|0x000000070c900000, 0x000000070c900000, 0x000000070ca00000|  0%| F|  |TAMS 0x000000070c900000, 0x000000070c900000| Untracked 
|  84|0x000000070ca00000, 0x000000070ca00000, 0x000000070cb00000|  0%| F|  |TAMS 0x000000070ca00000, 0x000000070ca00000| Untracked 
|  85|0x000000070cb00000, 0x000000070cb00000, 0x000000070cc00000|  0%| F|  |TAMS 0x000000070cb00000, 0x000000070cb00000| Untracked 
|  86|0x000000070cc00000, 0x000000070cc00000, 0x000000070cd00000|  0%| F|  |TAMS 0x000000070cc00000, 0x000000070cc00000| Untracked 
|  87|0x000000070cd00000, 0x000000070cdb7028, 0x000000070ce00000| 71%| E|  |TAMS 0x000000070cd00000, 0x000000070cd00000| Complete 
|  88|0x000000070ce00000, 0x000000070cf00000, 0x000000070cf00000|100%| E|  |TAMS 0x000000070ce00000, 0x000000070ce00000| Complete 
|  89|0x000000070cf00000, 0x000000070d000000, 0x000000070d000000|100%| E|  |TAMS 0x000000070cf00000, 0x000000070cf00000| Complete 
|  90|0x000000070d000000, 0x000000070d100000, 0x000000070d100000|100%| E|  |TAMS 0x000000070d000000, 0x000000070d000000| Complete 
|  91|0x000000070d100000, 0x000000070d200000, 0x000000070d200000|100%| E|  |TAMS 0x000000070d100000, 0x000000070d100000| Complete 
|  92|0x000000070d200000, 0x000000070d300000, 0x000000070d300000|100%| E|  |TAMS 0x000000070d200000, 0x000000070d200000| Complete 
|  93|0x000000070d300000, 0x000000070d400000, 0x000000070d400000|100%| E|  |TAMS 0x000000070d300000, 0x000000070d300000| Complete 
|  94|0x000000070d400000, 0x000000070d500000, 0x000000070d500000|100%| E|  |TAMS 0x000000070d400000, 0x000000070d400000| Complete 
|  95|0x000000070d500000, 0x000000070d600000, 0x000000070d600000|100%| E|  |TAMS 0x000000070d500000, 0x000000070d500000| Complete 
|  96|0x000000070d600000, 0x000000070d700000, 0x000000070d700000|100%| E|  |TAMS 0x000000070d600000, 0x000000070d600000| Complete 
|  97|0x000000070d700000, 0x000000070d800000, 0x000000070d800000|100%| E|  |TAMS 0x000000070d700000, 0x000000070d700000| Complete 
|  98|0x000000070d800000, 0x000000070d900000, 0x000000070d900000|100%| E|  |TAMS 0x000000070d800000, 0x000000070d800000| Complete 
|  99|0x000000070d900000, 0x000000070da00000, 0x000000070da00000|100%| E|  |TAMS 0x000000070d900000, 0x000000070d900000| Complete 
| 100|0x000000070da00000, 0x000000070db00000, 0x000000070db00000|100%| E|  |TAMS 0x000000070da00000, 0x000000070da00000| Complete 
| 101|0x000000070db00000, 0x000000070dc00000, 0x000000070dc00000|100%| E|  |TAMS 0x000000070db00000, 0x000000070db00000| Complete 
| 102|0x000000070dc00000, 0x000000070dd00000, 0x000000070dd00000|100%| E|  |TAMS 0x000000070dc00000, 0x000000070dc00000| Complete 
| 103|0x000000070dd00000, 0x000000070de00000, 0x000000070de00000|100%| E|  |TAMS 0x000000070dd00000, 0x000000070dd00000| Complete 
| 104|0x000000070de00000, 0x000000070df00000, 0x000000070df00000|100%| E|  |TAMS 0x000000070de00000, 0x000000070de00000| Complete 
| 105|0x000000070df00000, 0x000000070e000000, 0x000000070e000000|100%| E|  |TAMS 0x000000070df00000, 0x000000070df00000| Complete 
| 106|0x000000070e000000, 0x000000070e100000, 0x000000070e100000|100%| E|  |TAMS 0x000000070e000000, 0x000000070e000000| Complete 
| 107|0x000000070e100000, 0x000000070e200000, 0x000000070e200000|100%| E|  |TAMS 0x000000070e100000, 0x000000070e100000| Complete 
| 108|0x000000070e200000, 0x000000070e300000, 0x000000070e300000|100%| E|  |TAMS 0x000000070e200000, 0x000000070e200000| Complete 
| 109|0x000000070e300000, 0x000000070e400000, 0x000000070e400000|100%| E|  |TAMS 0x000000070e300000, 0x000000070e300000| Complete 
| 110|0x000000070e400000, 0x000000070e500000, 0x000000070e500000|100%| E|  |TAMS 0x000000070e400000, 0x000000070e400000| Complete 
| 111|0x000000070e500000, 0x000000070e600000, 0x000000070e600000|100%| E|  |TAMS 0x000000070e500000, 0x000000070e500000| Complete 
| 112|0x000000070e600000, 0x000000070e700000, 0x000000070e700000|100%| E|  |TAMS 0x000000070e600000, 0x000000070e600000| Complete 
| 113|0x000000070e700000, 0x000000070e800000, 0x000000070e800000|100%| E|  |TAMS 0x000000070e700000, 0x000000070e700000| Complete 
| 114|0x000000070e800000, 0x000000070e900000, 0x000000070e900000|100%| E|  |TAMS 0x000000070e800000, 0x000000070e800000| Complete 
| 115|0x000000070e900000, 0x000000070ea00000, 0x000000070ea00000|100%| E|  |TAMS 0x000000070e900000, 0x000000070e900000| Complete 
| 116|0x000000070ea00000, 0x000000070eb00000, 0x000000070eb00000|100%| E|  |TAMS 0x000000070ea00000, 0x000000070ea00000| Complete 
| 117|0x000000070eb00000, 0x000000070ec00000, 0x000000070ec00000|100%| E|  |TAMS 0x000000070eb00000, 0x000000070eb00000| Complete 
| 118|0x000000070ec00000, 0x000000070ed00000, 0x000000070ed00000|100%| E|  |TAMS 0x000000070ec00000, 0x000000070ec00000| Complete 
| 119|0x000000070ed00000, 0x000000070ee00000, 0x000000070ee00000|100%| E|  |TAMS 0x000000070ed00000, 0x000000070ed00000| Complete 
| 120|0x000000070ee00000, 0x000000070ef00000, 0x000000070ef00000|100%| E|  |TAMS 0x000000070ee00000, 0x000000070ee00000| Complete 
| 121|0x000000070ef00000, 0x000000070f000000, 0x000000070f000000|100%| E|  |TAMS 0x000000070ef00000, 0x000000070ef00000| Complete 
| 122|0x000000070f000000, 0x000000070f100000, 0x000000070f100000|100%| E|  |TAMS 0x000000070f000000, 0x000000070f000000| Complete 
| 123|0x000000070f100000, 0x000000070f200000, 0x000000070f200000|100%| E|  |TAMS 0x000000070f100000, 0x000000070f100000| Complete 
| 124|0x000000070f200000, 0x000000070f300000, 0x000000070f300000|100%| E|  |TAMS 0x000000070f200000, 0x000000070f200000| Complete 
| 125|0x000000070f300000, 0x000000070f400000, 0x000000070f400000|100%| E|  |TAMS 0x000000070f300000, 0x000000070f300000| Complete 
| 126|0x000000070f400000, 0x000000070f500000, 0x000000070f500000|100%| E|  |TAMS 0x000000070f400000, 0x000000070f400000| Complete 

Card table byte_map: [0x00007f2e6e7a8000,0x00007f2e6ef6d000] _byte_map_base: 0x00007f2e6af6d000

Marking Bits (Prev, Next): (CMBitMap*) 0x00007f2e6807c530, (CMBitMap*) 0x00007f2e6807c4f8
 Prev Bits: [0x00007f2e443b0000, 0x00007f2e481d8000)
 Next Bits: [0x00007f2e481d8000, 0x00007f2e4c000000)

Polling page: 0x00007f2e6fe60000

Metaspace:

Usage:
  Non-class:     84,12 MB capacity,    82,08 MB ( 98%) used,     1,74 MB (  2%) free+waste,   312,12 KB ( <1%) overhead. 
      Class:     12,28 MB capacity,    11,02 MB ( 90%) used,     1,12 MB (  9%) free+waste,   149,50 KB (  1%) overhead. 
       Both:     96,40 MB capacity,    93,10 MB ( 97%) used,     2,85 MB (  3%) free+waste,   461,62 KB ( <1%) overhead. 

Virtual space:
  Non-class space:       86,00 MB reserved,      84,20 MB ( 98%) committed 
      Class space:        1,00 GB reserved,      12,38 MB (  1%) committed 
             Both:        1,08 GB reserved,      96,57 MB (  9%) committed 

Chunk freelists:
   Non-Class:  3,00 KB
       Class:  0 bytes
        Both:  3,00 KB

MaxMetaspaceSize: unlimited
CompressedClassSpaceSize: 1,00 GB
Initial GC threshold: 20,80 MB
Current GC threshold: 156,79 MB
CDS: off

CodeHeap 'non-profiled nmethods': size=238948Kb used=27444Kb max_used=27444Kb free=211504Kb
 bounds [0x00007f2e50c39000, 0x00007f2e52709000, 0x00007f2e5f592000]
CodeHeap 'non-nmethods': size=6812Kb used=1340Kb max_used=1340Kb free=5471Kb
 bounds [0x00007f2e50592000, 0x00007f2e50802000, 0x00007f2e50c39000]
 total_blobs=16830 nmethods=16189 adapters=567
 compilation: enabled
              stopped_count=0, restarted_count=0
 full_count=0

Compilation events (20 events):
Event: 4501,191 Thread 0x00007f2e6820b800 16230       1       java.io.ObjectInputStream$PeekInputStream::getBytesRead (5 bytes)
Event: 4501,191 Thread 0x00007f2e6820b800 nmethod 16230 0x00007f2e52702410 code [0x00007f2e527025c0, 0x00007f2e52702670]
Event: 4501,191 Thread 0x00007f2e6820b800 16231       1       java.io.ObjectInputStream$FilterValues::depth (5 bytes)
Event: 4501,191 Thread 0x00007f2e6820b800 nmethod 16231 0x00007f2e52702710 code [0x00007f2e527028c0, 0x00007f2e52702970]
Event: 4501,191 Thread 0x00007f2e6820b800 16232       1       java.io.ObjectInputStream$FilterValues::serialClass (5 bytes)
Event: 4501,191 Thread 0x00007f2e6820b800 nmethod 16232 0x00007f2e52702a10 code [0x00007f2e52702bc0, 0x00007f2e52702c70]
Event: 4501,191 Thread 0x00007f2e6820b800 16233       1       java.io.ObjectInputStream$BlockDataInputStream::readInt (73 bytes)
Event: 4501,192 Thread 0x00007f2e6820b800 nmethod 16233 0x00007f2e52702d10 code [0x00007f2e52702ee0, 0x00007f2e52703080]
Event: 4501,192 Thread 0x00007f2e6820b800 16234       1       java.io.ObjectOutputStream::writeShort (9 bytes)
Event: 4501,193 Thread 0x00007f2e6820b800 nmethod 16234 0x00007f2e52703190 code [0x00007f2e52703340, 0x00007f2e52703420]
Event: 4561,487 Thread 0x00007f2e6820b800 16235       1       sun.rmi.transport.StreamRemoteCall::getInputStream (60 bytes)
Event: 4561,489 Thread 0x00007f2e6820b800 nmethod 16235 0x00007f2e52703510 code [0x00007f2e52703780, 0x00007f2e52703e10]
Event: 4567,467 Thread 0x00007f2e6820b800 16236       1       org.apache.catalina.core.StandardContext::getIgnoreAnnotations (5 bytes)
Event: 4567,467 Thread 0x00007f2e6820b800 nmethod 16236 0x00007f2e52704090 code [0x00007f2e52704240, 0x00007f2e527042f0]
Event: 4567,478 Thread 0x00007f2e6820b800 16237   !   1       com.mysql.cj.protocol.NetworkResources::forceClose (242 bytes)
Event: 4567,479 Thread 0x00007f2e6820b800 nmethod 16237 0x00007f2e52704390 code [0x00007f2e52704640, 0x00007f2e52704cc0]
Event: 4567,479 Thread 0x00007f2e6820b800 16238   !   1       com.mysql.cj.protocol.ReadAheadInputStream::close (51 bytes)
Event: 4567,480 Thread 0x00007f2e6820b800 nmethod 16238 0x00007f2e52705190 code [0x00007f2e52705340, 0x00007f2e52705580]
Event: 4567,480 Thread 0x00007f2e6820b800 16239   !   1       java.io.FilterOutputStream::close (183 bytes)
Event: 4567,481 Thread 0x00007f2e6820b800 nmethod 16239 0x00007f2e52705610 code [0x00007f2e52705820, 0x00007f2e52705dd0]

GC Heap History (20 events):
Event: 1366,869 GC heap after
{Heap after GC invocations=101 (full 12):
 garbage-first heap   total 130048K, used 59175K [0x0000000707600000, 0x0000000800000000)
  region size 1024K, 3 young (3072K), 3 survivors (3072K)
 Metaspace       used 95040K, capacity 98403K, committed 98508K, reserved 1134592K
  class space    used 11252K, capacity 12530K, committed 12544K, reserved 1048576K
}
Event: 1618,820 GC heap before
{Heap before GC invocations=101 (full 12):
 garbage-first heap   total 130048K, used 108327K [0x0000000707600000, 0x0000000800000000)
  region size 1024K, 51 young (52224K), 3 survivors (3072K)
 Metaspace       used 95291K, capacity 98705K, committed 98892K, reserved 1136640K
  class space    used 11281K, capacity 12572K, committed 12672K, reserved 1048576K
}
Event: 1618,834 GC heap after
{Heap after GC invocations=102 (full 12):
 garbage-first heap   total 130048K, used 59765K [0x0000000707600000, 0x0000000800000000)
  region size 1024K, 3 young (3072K), 3 survivors (3072K)
 Metaspace       used 95291K, capacity 98705K, committed 98892K, reserved 1136640K
  class space    used 11281K, capacity 12572K, committed 12672K, reserved 1048576K
}
Event: 1945,896 GC heap before
{Heap before GC invocations=102 (full 12):
 garbage-first heap   total 130048K, used 109941K [0x0000000707600000, 0x0000000800000000)
  region size 1024K, 52 young (53248K), 3 survivors (3072K)
 Metaspace       used 95292K, capacity 98705K, committed 98892K, reserved 1136640K
  class space    used 11281K, capacity 12572K, committed 12672K, reserved 1048576K
}
Event: 1945,905 GC heap after
{Heap after GC invocations=103 (full 12):
 garbage-first heap   total 130048K, used 59916K [0x0000000707600000, 0x0000000800000000)
  region size 1024K, 4 young (4096K), 4 survivors (4096K)
 Metaspace       used 95292K, capacity 98705K, committed 98892K, reserved 1136640K
  class space    used 11281K, capacity 12572K, committed 12672K, reserved 1048576K
}
Event: 2280,721 GC heap before
{Heap before GC invocations=103 (full 12):
 garbage-first heap   total 130048K, used 109068K [0x0000000707600000, 0x0000000800000000)
  region size 1024K, 52 young (53248K), 4 survivors (4096K)
 Metaspace       used 95292K, capacity 98705K, committed 98892K, reserved 1136640K
  class space    used 11281K, capacity 12572K, committed 12672K, reserved 1048576K
}
Event: 2280,731 GC heap after
{Heap after GC invocations=104 (full 12):
 garbage-first heap   total 130048K, used 59780K [0x0000000707600000, 0x0000000800000000)
  region size 1024K, 3 young (3072K), 3 survivors (3072K)
 Metaspace       used 95292K, capacity 98705K, committed 98892K, reserved 1136640K
  class space    used 11281K, capacity 12572K, committed 12672K, reserved 1048576K
}
Event: 2593,883 GC heap before
{Heap before GC invocations=104 (full 12):
 garbage-first heap   total 130048K, used 109956K [0x0000000707600000, 0x0000000800000000)
  region size 1024K, 52 young (53248K), 3 survivors (3072K)
 Metaspace       used 95328K, capacity 98711K, committed 98892K, reserved 1136640K
  class space    used 11283K, capacity 12574K, committed 12672K, reserved 1048576K
}
Event: 2593,893 GC heap after
{Heap after GC invocations=105 (full 12):
 garbage-first heap   total 130048K, used 60059K [0x0000000707600000, 0x0000000800000000)
  region size 1024K, 4 young (4096K), 4 survivors (4096K)
 Metaspace       used 95328K, capacity 98711K, committed 98892K, reserved 1136640K
  class space    used 11283K, capacity 12574K, committed 12672K, reserved 1048576K
}
Event: 2936,993 GC heap before
{Heap before GC invocations=105 (full 12):
 garbage-first heap   total 130048K, used 110235K [0x0000000707600000, 0x0000000800000000)
  region size 1024K, 53 young (54272K), 4 survivors (4096K)
 Metaspace       used 95329K, capacity 98711K, committed 98892K, reserved 1136640K
  class space    used 11283K, capacity 12574K, committed 12672K, reserved 1048576K
}
Event: 2937,008 GC heap after
{Heap after GC invocations=106 (full 12):
 garbage-first heap   total 130048K, used 59780K [0x0000000707600000, 0x0000000800000000)
  region size 1024K, 3 young (3072K), 3 survivors (3072K)
 Metaspace       used 95329K, capacity 98711K, committed 98892K, reserved 1136640K
  class space    used 11283K, capacity 12574K, committed 12672K, reserved 1048576K
}
Event: 3278,766 GC heap before
{Heap before GC invocations=106 (full 12):
 garbage-first heap   total 130048K, used 110980K [0x0000000707600000, 0x0000000800000000)
  region size 1024K, 53 young (54272K), 3 survivors (3072K)
 Metaspace       used 95330K, capacity 98711K, committed 98892K, reserved 1136640K
  class space    used 11283K, capacity 12574K, committed 12672K, reserved 1048576K
}
Event: 3278,796 GC heap after
{Heap after GC invocations=107 (full 12):
 garbage-first heap   total 130048K, used 60351K [0x0000000707600000, 0x0000000800000000)
  region size 1024K, 4 young (4096K), 4 survivors (4096K)
 Metaspace       used 95330K, capacity 98711K, committed 98892K, reserved 1136640K
  class space    used 11283K, capacity 12574K, committed 12672K, reserved 1048576K
}
Event: 3619,325 GC heap before
{Heap before GC invocations=107 (full 12):
 garbage-first heap   total 130048K, used 110527K [0x0000000707600000, 0x0000000800000000)
  region size 1024K, 53 young (54272K), 4 survivors (4096K)
 Metaspace       used 95330K, capacity 98711K, committed 98892K, reserved 1136640K
  class space    used 11283K, capacity 12574K, committed 12672K, reserved 1048576K
}
Event: 3619,346 GC heap after
{Heap after GC invocations=108 (full 12):
 garbage-first heap   total 130048K, used 60587K [0x0000000707600000, 0x0000000800000000)
  region size 1024K, 4 young (4096K), 4 survivors (4096K)
 Metaspace       used 95330K, capacity 98711K, committed 98892K, reserved 1136640K
  class space    used 11283K, capacity 12574K, committed 12672K, reserved 1048576K
}
Event: 3961,422 GC heap before
{Heap before GC invocations=108 (full 12):
 garbage-first heap   total 130048K, used 110763K [0x0000000707600000, 0x0000000800000000)
  region size 1024K, 53 young (54272K), 4 survivors (4096K)
 Metaspace       used 95330K, capacity 98711K, committed 98892K, reserved 1136640K
  class space    used 11283K, capacity 12574K, committed 12672K, reserved 1048576K
}
Event: 3961,440 GC heap after
{Heap after GC invocations=109 (full 12):
 garbage-first heap   total 130048K, used 60293K [0x0000000707600000, 0x0000000800000000)
  region size 1024K, 4 young (4096K), 4 survivors (4096K)
 Metaspace       used 95330K, capacity 98711K, committed 98892K, reserved 1136640K
  class space    used 11283K, capacity 12574K, committed 12672K, reserved 1048576K
}
Event: 4305,274 GC heap before
{Heap before GC invocations=109 (full 12):
 garbage-first heap   total 130048K, used 110469K [0x0000000707600000, 0x0000000800000000)
  region size 1024K, 53 young (54272K), 4 survivors (4096K)
 Metaspace       used 95330K, capacity 98711K, committed 98892K, reserved 1136640K
  class space    used 11283K, capacity 12574K, committed 12672K, reserved 1048576K
}
Event: 4305,299 GC heap after
{Heap after GC invocations=110 (full 12):
 garbage-first heap   total 130048K, used 60465K [0x0000000707600000, 0x0000000800000000)
  region size 1024K, 4 young (4096K), 4 survivors (4096K)
 Metaspace       used 95330K, capacity 98711K, committed 98892K, reserved 1136640K
  class space    used 11283K, capacity 12574K, committed 12672K, reserved 1048576K
}
Event: 4567,484 GC heap before
{Heap before GC invocations=110 (full 12):
 garbage-first heap   total 130048K, used 100401K [0x0000000707600000, 0x0000000800000000)
  region size 1024K, 44 young (45056K), 4 survivors (4096K)
 Metaspace       used 95332K, capacity 98717K, committed 98892K, reserved 1136640K
  class space    used 11284K, capacity 12576K, committed 12672K, reserved 1048576K
}

Deoptimization events (6 events):
Event: 3,126 Thread 0x00007f2ddc002800 DEOPT PACKING pc=0x00007f2e50f31494 sp=0x00007f2e3d5fa7b0
Event: 3,126 Thread 0x00007f2ddc002800 DEOPT UNPACKING pc=0x00007f2e505dc64a sp=0x00007f2e3d5f9d38 mode 0
Event: 4,886 Thread 0x00007f2ddc002800 DEOPT PACKING pc=0x00007f2e50ef6b91 sp=0x00007f2e3d5f6e90
Event: 4,886 Thread 0x00007f2ddc002800 DEOPT UNPACKING pc=0x00007f2e505dc64a sp=0x00007f2e3d5f63b8 mode 3
Event: 13,721 Thread 0x00007f2de0c9d800 DEOPT PACKING pc=0x00007f2e50dacb94 sp=0x00007f2dda7f9fe0
Event: 13,721 Thread 0x00007f2de0c9d800 DEOPT UNPACKING pc=0x00007f2e505dc64a sp=0x00007f2dda7f9518 mode 0

Classes redefined (0 events):
No events

Internal exceptions (20 events):
Event: 1240,790 Thread 0x00007f2dc804d000 Exception <a 'java/lang/ClassNotFoundException'{0x000000070da46e80}: com/eniso/tama/entity/TrainerDisponibilityCustomizer> (0x000000070da46e80) thrown at [src/hotspot/share/classfile/systemDictionary.cpp, line 231]
Event: 1240,792 Thread 0x00007f2dc804d000 Exception <a 'java/lang/ClassNotFoundException'{0x000000070dac6768}: java/lang/ObjectCustomizer> (0x000000070dac6768) thrown at [src/hotspot/share/classfile/systemDictionary.cpp, line 231]
Event: 1240,793 Thread 0x00007f2dc804d000 Exception <a 'java/lang/ClassNotFoundException'{0x000000070dad98d8}: com/eniso/tama/entity/EventCustomizer> (0x000000070dad98d8) thrown at [src/hotspot/share/classfile/systemDictionary.cpp, line 231]
Event: 1240,795 Thread 0x00007f2dc804d000 Exception <a 'java/lang/ClassNotFoundException'{0x000000070d94b2e0}: java/lang/ObjectCustomizer> (0x000000070d94b2e0) thrown at [src/hotspot/share/classfile/systemDictionary.cpp, line 231]
Event: 1240,795 Thread 0x00007f2dc804d000 Exception <a 'java/lang/ClassNotFoundException'{0x000000070d95ee30}: com/eniso/tama/entity/AttendanceCustomizer> (0x000000070d95ee30) thrown at [src/hotspot/share/classfile/systemDictionary.cpp, line 231]
Event: 1240,796 Thread 0x00007f2dc804d000 Exception <a 'java/lang/ClassNotFoundException'{0x000000070d97fb88}: java/lang/ObjectCustomizer> (0x000000070d97fb88) thrown at [src/hotspot/share/classfile/systemDictionary.cpp, line 231]
Event: 1240,796 Thread 0x00007f2dc804d000 Exception <a 'java/lang/ClassNotFoundException'{0x000000070d993910}: com/eniso/tama/entity/UserCustomizer> (0x000000070d993910) thrown at [src/hotspot/share/classfile/systemDictionary.cpp, line 231]
Event: 1240,796 Thread 0x00007f2dc804d000 Exception <a 'java/lang/ClassNotFoundException'{0x000000070d9b0c38}: com/eniso/tama/entity/ParticipantCustomizer> (0x000000070d9b0c38) thrown at [src/hotspot/share/classfile/systemDictionary.cpp, line 231]
Event: 1240,798 Thread 0x00007f2dc804d000 Exception <a 'java/lang/ClassNotFoundException'{0x000000070d836618}: java/lang/ObjectCustomizer> (0x000000070d836618) thrown at [src/hotspot/share/classfile/systemDictionary.cpp, line 231]
Event: 1240,799 Thread 0x00007f2dc804d000 Exception <a 'java/lang/ClassNotFoundException'{0x000000070d84a148}: com/eniso/tama/entity/UserCustomizer> (0x000000070d84a148) thrown at [src/hotspot/share/classfile/systemDictionary.cpp, line 231]
Event: 1240,799 Thread 0x00007f2dc804d000 Exception <a 'java/lang/ClassNotFoundException'{0x000000070d866e80}: com/eniso/tama/entity/EntrepriseCustomizer> (0x000000070d866e80) thrown at [src/hotspot/share/classfile/systemDictionary.cpp, line 231]
Event: 1240,931 Thread 0x00007f2dc804d000 Exception <a 'java/lang/ClassNotFoundException'{0x000000070eb29760}: java/lang/ObjectCustomizer> (0x000000070eb29760) thrown at [src/hotspot/share/classfile/systemDictionary.cpp, line 231]
Event: 1240,931 Thread 0x00007f2dc804d000 Exception <a 'java/lang/ClassNotFoundException'{0x000000070eb3d008}: com/eniso/tama/entity/EquipmentsCustomizer> (0x000000070eb3d008) thrown at [src/hotspot/share/classfile/systemDictionary.cpp, line 231]
Event: 1240,990 Thread 0x00007f2dc804d000 Exception <a 'java/lang/ClassNotFoundException'{0x000000070dbb06f8}: java/lang/ObjectCustomizer> (0x000000070dbb06f8) thrown at [src/hotspot/share/classfile/systemDictionary.cpp, line 231]
Event: 1240,990 Thread 0x00007f2dc804d000 Exception <a 'java/lang/ClassNotFoundException'{0x000000070dbc5cd0}: com/eniso/tama/entity/EntrepriseDisponibilityCustomizer> (0x000000070dbc5cd0) thrown at [src/hotspot/share/classfile/systemDictionary.cpp, line 231]
Event: 1251,263 Thread 0x00007f2dd0365000 Exception <a 'java/lang/ClassNotFoundException'{0x000000070d5675a8}: java/lang/ObjectCustomizer> (0x000000070d5675a8) thrown at [src/hotspot/share/classfile/systemDictionary.cpp, line 231]
Event: 1251,265 Thread 0x00007f2dd0365000 Exception <a 'java/lang/ClassNotFoundException'{0x000000070d581a88}: com/eniso/tama/entity/ModuleInstanceCustomizer> (0x000000070d581a88) thrown at [src/hotspot/share/classfile/systemDictionary.cpp, line 231]
Event: 1251,267 Thread 0x00007f2dd0365000 Exception <a 'java/lang/ClassNotFoundException'{0x000000070d595608}: java/lang/ObjectCustomizer> (0x000000070d595608) thrown at [src/hotspot/share/classfile/systemDictionary.cpp, line 231]
Event: 1251,268 Thread 0x00007f2dd0365000 Exception <a 'java/lang/ClassNotFoundException'{0x000000070d5ae2b0}: com/eniso/tama/entity/ModuleCustomizer> (0x000000070d5ae2b0) thrown at [src/hotspot/share/classfile/systemDictionary.cpp, line 231]
Event: 4567,470 Thread 0x00007f2dd035e000 Exception <a 'java/lang/InterruptedException'{0x000000070cd00040}: sleep interrupted> (0x000000070cd00040) thrown at [src/hotspot/share/prims/jvm.cpp, line 3125]

Events (20 events):
Event: 4567,481 Executing VM operation: RevokeBias
Event: 4567,481 Executing VM operation: RevokeBias done
Event: 4567,481 Executing VM operation: RevokeBias
Event: 4567,481 Executing VM operation: RevokeBias done
Event: 4567,481 Executing VM operation: RevokeBias
Event: 4567,481 Executing VM operation: RevokeBias done
Event: 4567,481 Executing VM operation: RevokeBias
Event: 4567,481 Executing VM operation: RevokeBias done
Event: 4567,482 Executing VM operation: RevokeBias
Event: 4567,482 Executing VM operation: RevokeBias done
Event: 4567,482 Executing VM operation: RevokeBias
Event: 4567,482 Executing VM operation: RevokeBias done
Event: 4567,482 Executing VM operation: RevokeBias
Event: 4567,482 Executing VM operation: RevokeBias done
Event: 4567,482 Executing VM operation: RevokeBias
Event: 4567,482 Executing VM operation: RevokeBias done
Event: 4567,482 Executing VM operation: RevokeBias
Event: 4567,484 Executing VM operation: RevokeBias done
Event: 4567,484 Thread 0x00007f2dcc0a8800 Thread exited: 0x00007f2dcc0a8800
Event: 4567,484 Executing VM operation: G1CollectFull


Dynamic libraries:
707600000-70f500000 rw-p 00000000 00:00 0 
70f500000-800000000 ---p 00000000 00:00 0 
800000000-800c60000 rw-p 00000000 00:00 0 
800c60000-840000000 ---p 00000000 00:00 0 
55ae89a16000-55ae89a17000 r--p 00000000 08:07 10354995                   /usr/lib64/jvm/java-11-openjdk-11/bin/java
55ae89a17000-55ae89a18000 r-xp 00001000 08:07 10354995                   /usr/lib64/jvm/java-11-openjdk-11/bin/java
55ae89a18000-55ae89a19000 r--p 00002000 08:07 10354995                   /usr/lib64/jvm/java-11-openjdk-11/bin/java
55ae89a19000-55ae89a1a000 r--p 00002000 08:07 10354995                   /usr/lib64/jvm/java-11-openjdk-11/bin/java
55ae89a1a000-55ae89a1b000 rw-p 00003000 08:07 10354995                   /usr/lib64/jvm/java-11-openjdk-11/bin/java
55ae8aa5d000-55ae8aa9f000 rw-p 00000000 00:00 0                          [heap]
7f2dc7199000-7f2dc7440000 rw-p 00000000 00:00 0 
7f2dc7440000-7f2dc7600000 ---p 00000000 00:00 0 
7f2dc7600000-7f2dc7800000 rw-p 00000000 00:00 0 
7f2dc7800000-7f2dc7a00000 rw-p 00000000 00:00 0 
7f2dc7a00000-7f2dc7c00000 rw-p 00000000 00:00 0 
7f2dc7c00000-7f2dc7e00000 rw-p 00000000 00:00 0 
7f2dc7e00000-7f2dc8000000 rw-p 00000000 00:00 0 
7f2dc8000000-7f2dc80c5000 rw-p 00000000 00:00 0 
7f2dc80c5000-7f2dcc000000 ---p 00000000 00:00 0 
7f2dcc000000-7f2dcc13b000 rw-p 00000000 00:00 0 
7f2dcc13b000-7f2dd0000000 ---p 00000000 00:00 0 
7f2dd0000000-7f2dd0616000 rw-p 00000000 00:00 0 
7f2dd0616000-7f2dd4000000 ---p 00000000 00:00 0 
7f2dd4000000-7f2dd42ab000 rw-p 00000000 00:00 0 
7f2dd42ab000-7f2dd8000000 ---p 00000000 00:00 0 
7f2dd8100000-7f2dd8300000 rw-p 00000000 00:00 0 
7f2dd8300000-7f2dd8500000 rw-p 00000000 00:00 0 
7f2dd8500000-7f2dd8700000 rw-p 00000000 00:00 0 
7f2dd8700000-7f2dd8900000 rw-p 00000000 00:00 0 
7f2dd8900000-7f2dd8b00000 rw-p 00000000 00:00 0 
7f2dd8b00000-7f2dd8d00000 rw-p 00000000 00:00 0 
7f2dd8d00000-7f2dd8f00000 rw-p 00000000 00:00 0 
7f2dd8f00000-7f2dd9100000 rw-p 00000000 00:00 0 
7f2dd9100000-7f2dd9300000 rw-p 00000000 00:00 0 
7f2dd9300000-7f2dd9500000 rw-p 00000000 00:00 0 
7f2dd9500000-7f2dd9700000 rw-p 00000000 00:00 0 
7f2dd9700000-7f2dd9704000 ---p 00000000 00:00 0 
7f2dd9704000-7f2dd99f3000 rw-p 00000000 00:00 0 
7f2dd99f3000-7f2dd9a00000 ---p 00000000 00:00 0 
7f2dd9a00000-7f2dd9c00000 rw-p 00000000 00:00 0 
7f2dd9c00000-7f2dd9c04000 ---p 00000000 00:00 0 
7f2dd9c04000-7f2dd9d00000 rw-p 00000000 00:00 0 
7f2dd9d00000-7f2dd9d04000 ---p 00000000 00:00 0 
7f2dd9d04000-7f2dd9e00000 rw-p 00000000 00:00 0 
7f2dd9e00000-7f2dd9e04000 ---p 00000000 00:00 0 
7f2dd9e04000-7f2dd9f00000 rw-p 00000000 00:00 0 
7f2dd9f00000-7f2dd9f04000 ---p 00000000 00:00 0 
7f2dd9f04000-7f2dda000000 rw-p 00000000 00:00 0 
7f2dda000000-7f2dda004000 ---p 00000000 00:00 0 
7f2dda004000-7f2dda100000 rw-p 00000000 00:00 0 
7f2dda100000-7f2dda104000 ---p 00000000 00:00 0 
7f2dda104000-7f2dda200000 rw-p 00000000 00:00 0 
7f2dda200000-7f2dda204000 ---p 00000000 00:00 0 
7f2dda204000-7f2dda300000 rw-p 00000000 00:00 0 
7f2dda300000-7f2dda304000 ---p 00000000 00:00 0 
7f2dda304000-7f2dda400000 rw-p 00000000 00:00 0 
7f2dda400000-7f2dda404000 ---p 00000000 00:00 0 
7f2dda404000-7f2dda500000 rw-p 00000000 00:00 0 
7f2dda500000-7f2dda504000 ---p 00000000 00:00 0 
7f2dda504000-7f2dda600000 rw-p 00000000 00:00 0 
7f2dda600000-7f2dda604000 ---p 00000000 00:00 0 
7f2dda604000-7f2dda700000 rw-p 00000000 00:00 0 
7f2dda700000-7f2dda704000 ---p 00000000 00:00 0 
7f2dda704000-7f2dda800000 rw-p 00000000 00:00 0 
7f2dda800000-7f2dda804000 ---p 00000000 00:00 0 
7f2dda804000-7f2dda900000 rw-p 00000000 00:00 0 
7f2dda900000-7f2dda904000 ---p 00000000 00:00 0 
7f2dda904000-7f2ddaa00000 rw-p 00000000 00:00 0 
7f2ddaa00000-7f2ddaa04000 ---p 00000000 00:00 0 
7f2ddaa04000-7f2ddad00000 rw-p 00000000 00:00 0 
7f2ddad00000-7f2ddaf00000 rw-p 00000000 00:00 0 
7f2ddaf00000-7f2ddb100000 rw-p 00000000 00:00 0 
7f2ddb100000-7f2ddb104000 ---p 00000000 00:00 0 
7f2ddb104000-7f2ddb400000 rw-p 00000000 00:00 0 
7f2ddb400000-7f2ddb404000 ---p 00000000 00:00 0 
7f2ddb404000-7f2ddb700000 rw-p 00000000 00:00 0 
7f2ddb700000-7f2ddb900000 rw-p 00000000 00:00 0 
7f2ddb900000-7f2ddb904000 ---p 00000000 00:00 0 
7f2ddb904000-7f2ddba00000 rw-p 00000000 00:00 0 
7f2ddba00000-7f2ddba04000 ---p 00000000 00:00 0 
7f2ddba04000-7f2ddbb00000 rw-p 00000000 00:00 0 
7f2ddbb00000-7f2ddbb04000 ---p 00000000 00:00 0 
7f2ddbb04000-7f2ddbe00000 rw-p 00000000 00:00 0 
7f2ddbe00000-7f2ddc000000 rw-p 00000000 00:00 0 
7f2ddc000000-7f2ddc0ac000 rw-p 00000000 00:00 0 
7f2ddc0ac000-7f2de0000000 ---p 00000000 00:00 0 
7f2de0000000-7f2de1061000 rw-p 00000000 00:00 0 
7f2de1061000-7f2de4000000 ---p 00000000 00:00 0 
7f2de4000000-7f2de4031000 rw-p 00000000 00:00 0 
7f2de4031000-7f2de8000000 ---p 00000000 00:00 0 
7f2de8000000-7f2de8113000 rw-p 00000000 00:00 0 
7f2de8113000-7f2dec000000 ---p 00000000 00:00 0 
7f2dec000000-7f2dec0c0000 rw-p 00000000 00:00 0 
7f2dec0c0000-7f2df0000000 ---p 00000000 00:00 0 
7f2df0000000-7f2df0021000 rw-p 00000000 00:00 0 
7f2df0021000-7f2df4000000 ---p 00000000 00:00 0 
7f2df4000000-7f2df4021000 rw-p 00000000 00:00 0 
7f2df4021000-7f2df8000000 ---p 00000000 00:00 0 
7f2df8000000-7f2df8021000 rw-p 00000000 00:00 0 
7f2df8021000-7f2dfc000000 ---p 00000000 00:00 0 
7f2dfc000000-7f2dfc058000 rw-p 00000000 00:00 0 
7f2dfc058000-7f2e00000000 ---p 00000000 00:00 0 
7f2e00000000-7f2e00021000 rw-p 00000000 00:00 0 
7f2e00021000-7f2e04000000 ---p 00000000 00:00 0 
7f2e04000000-7f2e040d0000 rw-p 00000000 00:00 0 
7f2e040d0000-7f2e08000000 ---p 00000000 00:00 0 
7f2e08000000-7f2e08098000 rw-p 00000000 00:00 0 
7f2e08098000-7f2e0c000000 ---p 00000000 00:00 0 
7f2e0c000000-7f2e0c021000 rw-p 00000000 00:00 0 
7f2e0c021000-7f2e10000000 ---p 00000000 00:00 0 
7f2e10000000-7f2e100a2000 rw-p 00000000 00:00 0 
7f2e100a2000-7f2e14000000 ---p 00000000 00:00 0 
7f2e14000000-7f2e149d8000 rw-p 00000000 00:00 0 
7f2e149d8000-7f2e18000000 ---p 00000000 00:00 0 
7f2e18000000-7f2e18021000 rw-p 00000000 00:00 0 
7f2e18021000-7f2e1c000000 ---p 00000000 00:00 0 
7f2e1c000000-7f2e1c021000 rw-p 00000000 00:00 0 
7f2e1c021000-7f2e20000000 ---p 00000000 00:00 0 
7f2e20000000-7f2e20021000 rw-p 00000000 00:00 0 
7f2e20021000-7f2e24000000 ---p 00000000 00:00 0 
7f2e24000000-7f2e24021000 rw-p 00000000 00:00 0 
7f2e24021000-7f2e28000000 ---p 00000000 00:00 0 
7f2e28000000-7f2e28021000 rw-p 00000000 00:00 0 
7f2e28021000-7f2e2c000000 ---p 00000000 00:00 0 
7f2e2c000000-7f2e2c021000 rw-p 00000000 00:00 0 
7f2e2c021000-7f2e30000000 ---p 00000000 00:00 0 
7f2e30000000-7f2e30cab000 rw-p 00000000 00:00 0 
7f2e30cab000-7f2e34000000 ---p 00000000 00:00 0 
7f2e34000000-7f2e34021000 rw-p 00000000 00:00 0 
7f2e34021000-7f2e38000000 ---p 00000000 00:00 0 
7f2e38000000-7f2e38021000 rw-p 00000000 00:00 0 
7f2e38021000-7f2e3c000000 ---p 00000000 00:00 0 
7f2e3c0fe000-7f2e3c102000 ---p 00000000 00:00 0 
7f2e3c102000-7f2e3c3fe000 rw-p 00000000 00:00 0 
7f2e3c3fe000-7f2e3c5fe000 rw-p 00000000 00:00 0 
7f2e3c5fe000-7f2e3c7fe000 rw-p 00000000 00:00 0 
7f2e3c7fe000-7f2e3c9fe000 rw-p 00000000 00:00 0 
7f2e3c9fe000-7f2e3cbfe000 rw-p 00000000 00:00 0 
7f2e3cbfe000-7f2e3cdfe000 rw-p 00000000 00:00 0 
7f2e3cdfe000-7f2e3cffe000 rw-p 00000000 00:00 0 
7f2e3cffe000-7f2e3d1fe000 rw-p 00000000 00:00 0 
7f2e3d1fe000-7f2e3d3fe000 rw-p 00000000 00:00 0 
7f2e3d3fe000-7f2e3d402000 ---p 00000000 00:00 0 
7f2e3d402000-7f2e3d4fe000 rw-p 00000000 00:00 0 
7f2e3d4fe000-7f2e3d502000 ---p 00000000 00:00 0 
7f2e3d502000-7f2e3d5fe000 rw-p 00000000 00:00 0 
7f2e3d5fe000-7f2e3d602000 ---p 00000000 00:00 0 
7f2e3d602000-7f2e3d6fe000 rw-p 00000000 00:00 0 
7f2e3d6fe000-7f2e3d702000 ---p 00000000 00:00 0 
7f2e3d702000-7f2e3d7fe000 rw-p 00000000 00:00 0 
7f2e3d7fe000-7f2e3d802000 ---p 00000000 00:00 0 
7f2e3d802000-7f2e3d8fe000 rw-p 00000000 00:00 0 
7f2e3d8fe000-7f2e3d902000 ---p 00000000 00:00 0 
7f2e3d902000-7f2e3d9fe000 rw-p 00000000 00:00 0 
7f2e3d9fe000-7f2e3da02000 ---p 00000000 00:00 0 
7f2e3da02000-7f2e3dcfe000 rw-p 00000000 00:00 0 
7f2e3dcfe000-7f2e3dcff000 ---p 00000000 00:00 0 
7f2e3dcff000-7f2e40000000 rw-p 00000000 00:00 0 
7f2e40000000-7f2e40021000 rw-p 00000000 00:00 0 
7f2e40021000-7f2e44000000 ---p 00000000 00:00 0 
7f2e440b0000-7f2e440b4000 ---p 00000000 00:00 0 
7f2e440b4000-7f2e441b0000 rw-p 00000000 00:00 0 
7f2e441b0000-7f2e441b4000 ---p 00000000 00:00 0 
7f2e441b4000-7f2e442b0000 rw-p 00000000 00:00 0 
7f2e442b0000-7f2e442b4000 ---p 00000000 00:00 0 
7f2e442b4000-7f2e445ac000 rw-p 00000000 00:00 0 
7f2e445ac000-7f2e481d8000 ---p 00000000 00:00 0 
7f2e481d8000-7f2e483d4000 rw-p 00000000 00:00 0 
7f2e483d4000-7f2e4c000000 ---p 00000000 00:00 0 
7f2e4c000000-7f2e4c1d9000 rw-p 00000000 00:00 0 
7f2e4c1d9000-7f2e50000000 ---p 00000000 00:00 0 
7f2e5008c000-7f2e5028c000 rw-p 00000000 00:00 0 
7f2e5028c000-7f2e5028d000 ---p 00000000 00:00 0 
7f2e5028d000-7f2e5038e000 rw-p 00000000 00:00 0 
7f2e5038e000-7f2e5038f000 ---p 00000000 00:00 0 
7f2e5038f000-7f2e50490000 rw-p 00000000 00:00 0 
7f2e50490000-7f2e50491000 ---p 00000000 00:00 0 
7f2e50491000-7f2e50592000 rw-p 00000000 00:00 0 
7f2e50592000-7f2e50802000 rwxp 00000000 00:00 0 
7f2e50802000-7f2e50c39000 ---p 00000000 00:00 0 
7f2e50c39000-7f2e52709000 rwxp 00000000 00:00 0 
7f2e52709000-7f2e5f592000 ---p 00000000 00:00 0 
7f2e5f592000-7f2e68000000 r--s 00000000 08:07 10357082                   /usr/lib64/jvm/java-11-openjdk-11/lib/modules
7f2e68000000-7f2e68a95000 rw-p 00000000 00:00 0 
7f2e68a95000-7f2e6c000000 ---p 00000000 00:00 0 
7f2e6c0cc000-7f2e6c101000 r--s 00000000 00:19 1521                       /run/nscd/dbPYUY1r (deleted)
7f2e6c101000-7f2e6c10e000 r--p 00000000 08:07 7755382                    /usr/lib64/libnspr4.so
7f2e6c10e000-7f2e6c131000 r-xp 0000d000 08:07 7755382                    /usr/lib64/libnspr4.so
7f2e6c131000-7f2e6c13c000 r--p 00030000 08:07 7755382                    /usr/lib64/libnspr4.so
7f2e6c13c000-7f2e6c13d000 ---p 0003b000 08:07 7755382                    /usr/lib64/libnspr4.so
7f2e6c13d000-7f2e6c13e000 r--p 0003b000 08:07 7755382                    /usr/lib64/libnspr4.so
7f2e6c13e000-7f2e6c140000 rw-p 0003c000 08:07 7755382                    /usr/lib64/libnspr4.so
7f2e6c140000-7f2e6c142000 rw-p 00000000 00:00 0 
7f2e6c142000-7f2e6c143000 r--p 00000000 08:07 7755384                    /usr/lib64/libplds4.so
7f2e6c143000-7f2e6c144000 r-xp 00001000 08:07 7755384                    /usr/lib64/libplds4.so
7f2e6c144000-7f2e6c145000 r--p 00002000 08:07 7755384                    /usr/lib64/libplds4.so
7f2e6c145000-7f2e6c146000 r--p 00002000 08:07 7755384                    /usr/lib64/libplds4.so
7f2e6c146000-7f2e6c147000 rw-p 00003000 08:07 7755384                    /usr/lib64/libplds4.so
7f2e6c147000-7f2e6c149000 r--p 00000000 08:07 7755383                    /usr/lib64/libplc4.so
7f2e6c149000-7f2e6c14b000 r-xp 00002000 08:07 7755383                    /usr/lib64/libplc4.so
7f2e6c14b000-7f2e6c14c000 r--p 00004000 08:07 7755383                    /usr/lib64/libplc4.so
7f2e6c14c000-7f2e6c14d000 r--p 00004000 08:07 7755383                    /usr/lib64/libplc4.so
7f2e6c14d000-7f2e6c14e000 rw-p 00005000 08:07 7755383                    /usr/lib64/libplc4.so
7f2e6c14e000-7f2e6c15b000 r--p 00000000 08:07 7755926                    /usr/lib64/libnssutil3.so
7f2e6c15b000-7f2e6c16c000 r-xp 0000d000 08:07 7755926                    /usr/lib64/libnssutil3.so
7f2e6c16c000-7f2e6c178000 r--p 0001e000 08:07 7755926                    /usr/lib64/libnssutil3.so
7f2e6c178000-7f2e6c17f000 r--p 00029000 08:07 7755926                    /usr/lib64/libnssutil3.so
7f2e6c17f000-7f2e6c180000 rw-p 00030000 08:07 7755926                    /usr/lib64/libnssutil3.so
7f2e6c180000-7f2e6c19b000 r--p 00000000 08:07 7755925                    /usr/lib64/libnss3.so
7f2e6c19b000-7f2e6c275000 r-xp 0001b000 08:07 7755925                    /usr/lib64/libnss3.so
7f2e6c275000-7f2e6c2a7000 r--p 000f5000 08:07 7755925                    /usr/lib64/libnss3.so
7f2e6c2a7000-7f2e6c2ad000 r--p 00126000 08:07 7755925                    /usr/lib64/libnss3.so
7f2e6c2ad000-7f2e6c2af000 rw-p 0012c000 08:07 7755925                    /usr/lib64/libnss3.so
7f2e6c2af000-7f2e6c2b1000 rw-p 00000000 00:00 0 
7f2e6c2b4000-7f2e6c2b5000 r--p 00000000 08:07 10357027                   /usr/lib64/jvm/java-11-openjdk-11/lib/libextnet.so
7f2e6c2b5000-7f2e6c2b6000 r-xp 00001000 08:07 10357027                   /usr/lib64/jvm/java-11-openjdk-11/lib/libextnet.so
7f2e6c2b6000-7f2e6c2b7000 r--p 00002000 08:07 10357027                   /usr/lib64/jvm/java-11-openjdk-11/lib/libextnet.so
7f2e6c2b7000-7f2e6c2b8000 r--p 00002000 08:07 10357027                   /usr/lib64/jvm/java-11-openjdk-11/lib/libextnet.so
7f2e6c2b8000-7f2e6c2b9000 rw-p 00003000 08:07 10357027                   /usr/lib64/jvm/java-11-openjdk-11/lib/libextnet.so
7f2e6c2b9000-7f2e6c2bb000 r--p 00000000 08:07 10357059                   /usr/lib64/jvm/java-11-openjdk-11/lib/libmanagement_ext.so
7f2e6c2bb000-7f2e6c2be000 r-xp 00002000 08:07 10357059                   /usr/lib64/jvm/java-11-openjdk-11/lib/libmanagement_ext.so
7f2e6c2be000-7f2e6c2bf000 r--p 00005000 08:07 10357059                   /usr/lib64/jvm/java-11-openjdk-11/lib/libmanagement_ext.so
7f2e6c2bf000-7f2e6c2c0000 ---p 00006000 08:07 10357059                   /usr/lib64/jvm/java-11-openjdk-11/lib/libmanagement_ext.so
7f2e6c2c0000-7f2e6c2c1000 r--p 00006000 08:07 10357059                   /usr/lib64/jvm/java-11-openjdk-11/lib/libmanagement_ext.so
7f2e6c2c1000-7f2e6c2c2000 rw-p 00007000 08:07 10357059                   /usr/lib64/jvm/java-11-openjdk-11/lib/libmanagement_ext.so
7f2e6c2c2000-7f2e6c2c3000 r--p 00000000 08:07 10357074                   /usr/lib64/jvm/java-11-openjdk-11/lib/libsystemconf.so
7f2e6c2c3000-7f2e6c2c4000 r-xp 00001000 08:07 10357074                   /usr/lib64/jvm/java-11-openjdk-11/lib/libsystemconf.so
7f2e6c2c4000-7f2e6c2c5000 r--p 00002000 08:07 10357074                   /usr/lib64/jvm/java-11-openjdk-11/lib/libsystemconf.so
7f2e6c2c5000-7f2e6c2c6000 r--p 00002000 08:07 10357074                   /usr/lib64/jvm/java-11-openjdk-11/lib/libsystemconf.so
7f2e6c2c6000-7f2e6c2c7000 rw-p 00003000 08:07 10357074                   /usr/lib64/jvm/java-11-openjdk-11/lib/libsystemconf.so
7f2e6c2c7000-7f2e6c2ca000 r--p 00000000 08:07 10357055                   /usr/lib64/jvm/java-11-openjdk-11/lib/libmanagement.so
7f2e6c2ca000-7f2e6c2cb000 r-xp 00003000 08:07 10357055                   /usr/lib64/jvm/java-11-openjdk-11/lib/libmanagement.so
7f2e6c2cb000-7f2e6c2cc000 r--p 00004000 08:07 10357055                   /usr/lib64/jvm/java-11-openjdk-11/lib/libmanagement.so
7f2e6c2cc000-7f2e6c2cd000 r--p 00004000 08:07 10357055                   /usr/lib64/jvm/java-11-openjdk-11/lib/libmanagement.so
7f2e6c2cd000-7f2e6c2ce000 rw-p 00005000 08:07 10357055                   /usr/lib64/jvm/java-11-openjdk-11/lib/libmanagement.so
7f2e6c2ce000-7f2e6c2ff000 rw-p 00000000 00:00 0 
7f2e6c2ff000-7f2e6c303000 r--p 00000000 08:07 10357063                   /usr/lib64/jvm/java-11-openjdk-11/lib/libnet.so
7f2e6c303000-7f2e6c313000 r-xp 00004000 08:07 10357063                   /usr/lib64/jvm/java-11-openjdk-11/lib/libnet.so
7f2e6c313000-7f2e6c317000 r--p 00014000 08:07 10357063                   /usr/lib64/jvm/java-11-openjdk-11/lib/libnet.so
7f2e6c317000-7f2e6c318000 r--p 00017000 08:07 10357063                   /usr/lib64/jvm/java-11-openjdk-11/lib/libnet.so
7f2e6c318000-7f2e6c319000 rw-p 00018000 08:07 10357063                   /usr/lib64/jvm/java-11-openjdk-11/lib/libnet.so
7f2e6c319000-7f2e6c320000 r--p 00000000 08:07 10357064                   /usr/lib64/jvm/java-11-openjdk-11/lib/libnio.so
7f2e6c320000-7f2e6c327000 r-xp 00007000 08:07 10357064                   /usr/lib64/jvm/java-11-openjdk-11/lib/libnio.so
7f2e6c327000-7f2e6c32a000 r--p 0000e000 08:07 10357064                   /usr/lib64/jvm/java-11-openjdk-11/lib/libnio.so
7f2e6c32a000-7f2e6c32b000 r--p 00010000 08:07 10357064                   /usr/lib64/jvm/java-11-openjdk-11/lib/libnio.so
7f2e6c32b000-7f2e6c32c000 rw-p 00011000 08:07 10357064                   /usr/lib64/jvm/java-11-openjdk-11/lib/libnio.so
7f2e6c32c000-7f2e6c330000 ---p 00000000 00:00 0 
7f2e6c330000-7f2e6c42c000 rw-p 00000000 00:00 0 
7f2e6c42c000-7f2e6c430000 ---p 00000000 00:00 0 
7f2e6c430000-7f2e6c52c000 rw-p 00000000 00:00 0 
7f2e6c52c000-7f2e6c530000 ---p 00000000 00:00 0 
7f2e6c530000-7f2e6c62c000 rw-p 00000000 00:00 0 
7f2e6c62c000-7f2e6c630000 ---p 00000000 00:00 0 
7f2e6c630000-7f2e6c72c000 rw-p 00000000 00:00 0 
7f2e6c72c000-7f2e6c730000 ---p 00000000 00:00 0 
7f2e6c730000-7f2e6c82c000 rw-p 00000000 00:00 0 
7f2e6c82c000-7f2e6c881000 r--p 00000000 08:07 8522473                    /usr/lib/locale/fr_FR.utf8/LC_CTYPE
7f2e6c881000-7f2e6c882000 r--p 00000000 08:07 8523062                    /usr/lib/locale/fr_FR.utf8/LC_NUMERIC
7f2e6c882000-7f2e6c883000 r--p 00000000 08:07 8522903                    /usr/lib/locale/fr_FR.utf8/LC_TIME
7f2e6c883000-7f2e6cafb000 r--p 00000000 08:07 8522960                    /usr/lib/locale/fr_FR.utf8/LC_COLLATE
7f2e6cafb000-7f2e6cafc000 r--p 00000000 08:07 8523061                    /usr/lib/locale/fr_FR.utf8/LC_MONETARY
7f2e6cafc000-7f2e6cafd000 r--p 00000000 08:07 8523239                    /usr/lib/locale/fr_FR.utf8/LC_MESSAGES/SYS_LC_MESSAGES
7f2e6cafd000-7f2e6cafe000 r--p 00000000 08:07 8522967                    /usr/lib/locale/fr_FR.utf8/LC_PAPER
7f2e6cafe000-7f2e6caff000 r--p 00000000 08:07 8522991                    /usr/lib/locale/fr_FR.utf8/LC_NAME
7f2e6caff000-7f2e6cb00000 r--p 00000000 08:07 8522900                    /usr/lib/locale/fr_FR.utf8/LC_ADDRESS
7f2e6cb00000-7f2e6cb01000 r--p 00000000 08:07 8523063                    /usr/lib/locale/fr_FR.utf8/LC_TELEPHONE
7f2e6cb01000-7f2e6cb02000 r--p 00000000 08:07 8522962                    /usr/lib/locale/fr_FR.utf8/LC_MEASUREMENT
7f2e6cb02000-7f2e6cb09000 r--s 00000000 08:07 10225574                   /usr/lib64/gconv/gconv-modules.cache
7f2e6cb09000-7f2e6cb0a000 r--p 00000000 08:07 8522901                    /usr/lib/locale/fr_FR.utf8/LC_IDENTIFICATION
7f2e6cb0a000-7f2e6cb0e000 ---p 00000000 00:00 0 
7f2e6cb0e000-7f2e6cc0a000 rw-p 00000000 00:00 0 
7f2e6cc0a000-7f2e6cc0e000 ---p 00000000 00:00 0 
7f2e6cc0e000-7f2e6cd0a000 rw-p 00000000 00:00 0 
7f2e6cd0a000-7f2e6cd0b000 ---p 00000000 00:00 0 
7f2e6cd0b000-7f2e6d710000 rw-p 00000000 00:00 0 
7f2e6d710000-7f2e6d752000 rw-p 00000000 00:00 0 
7f2e6d752000-7f2e6d753000 ---p 00000000 00:00 0 
7f2e6d753000-7f2e6d854000 rw-p 00000000 00:00 0 
7f2e6d854000-7f2e6d855000 ---p 00000000 00:00 0 
7f2e6d855000-7f2e6dd5a000 rw-p 00000000 00:00 0 
7f2e6dd5a000-7f2e6dd5b000 ---p 00000000 00:00 0 
7f2e6dd5b000-7f2e6de5c000 rw-p 00000000 00:00 0 
7f2e6de5c000-7f2e6de5d000 ---p 00000000 00:00 0 
7f2e6de5d000-7f2e6e023000 rw-p 00000000 00:00 0 
7f2e6e023000-7f2e6e7a8000 ---p 00000000 00:00 0 
7f2e6e7a8000-7f2e6e7e8000 rw-p 00000000 00:00 0 
7f2e6e7e8000-7f2e6ef6d000 ---p 00000000 00:00 0 
7f2e6ef6d000-7f2e6efad000 rw-p 00000000 00:00 0 
7f2e6efad000-7f2e6f732000 ---p 00000000 00:00 0 
7f2e6f732000-7f2e6fb36000 rw-p 00000000 00:00 0 
7f2e6fb36000-7f2e6fb37000 ---p 00000000 00:00 0 
7f2e6fb37000-7f2e6fc6e000 rw-p 00000000 00:00 0 
7f2e6fc6e000-7f2e6fe0b000 ---p 00000000 00:00 0 
7f2e6fe0b000-7f2e6fe10000 rw-p 00000000 00:00 0 
7f2e6fe10000-7f2e6fe19000 ---p 00000000 00:00 0 
7f2e6fe19000-7f2e6fe1b000 r--p 00000000 08:07 10357080                   /usr/lib64/jvm/java-11-openjdk-11/lib/libzip.so
7f2e6fe1b000-7f2e6fe1f000 r-xp 00002000 08:07 10357080                   /usr/lib64/jvm/java-11-openjdk-11/lib/libzip.so
7f2e6fe1f000-7f2e6fe21000 r--p 00006000 08:07 10357080                   /usr/lib64/jvm/java-11-openjdk-11/lib/libzip.so
7f2e6fe21000-7f2e6fe22000 r--p 00007000 08:07 10357080                   /usr/lib64/jvm/java-11-openjdk-11/lib/libzip.so
7f2e6fe22000-7f2e6fe23000 rw-p 00008000 08:07 10357080                   /usr/lib64/jvm/java-11-openjdk-11/lib/libzip.so
7f2e6fe23000-7f2e6fe2b000 rw-s 00000000 00:22 1334                       /tmp/hsperfdata_nourhene/7810
7f2e6fe2b000-7f2e6fe60000 r--s 00000000 08:07 2884866                    /var/lib/nscd/passwd
7f2e6fe60000-7f2e6fe61000 ---p 00000000 00:00 0 
7f2e6fe61000-7f2e6fe62000 r--p 00000000 00:00 0 
7f2e6fe62000-7f2e6fe64000 r--p 00000000 08:07 10357047                   /usr/lib64/jvm/java-11-openjdk-11/lib/libjimage.so
7f2e6fe64000-7f2e6fe67000 r-xp 00002000 08:07 10357047                   /usr/lib64/jvm/java-11-openjdk-11/lib/libjimage.so
7f2e6fe67000-7f2e6fe68000 r--p 00005000 08:07 10357047                   /usr/lib64/jvm/java-11-openjdk-11/lib/libjimage.so
7f2e6fe68000-7f2e6fe69000 ---p 00006000 08:07 10357047                   /usr/lib64/jvm/java-11-openjdk-11/lib/libjimage.so
7f2e6fe69000-7f2e6fe6a000 r--p 00006000 08:07 10357047                   /usr/lib64/jvm/java-11-openjdk-11/lib/libjimage.so
7f2e6fe6a000-7f2e6fe6b000 rw-p 00007000 08:07 10357047                   /usr/lib64/jvm/java-11-openjdk-11/lib/libjimage.so
7f2e6fe6b000-7f2e6fe79000 r--p 00000000 08:07 10357041                   /usr/lib64/jvm/java-11-openjdk-11/lib/libjava.so
7f2e6fe79000-7f2e6fe8f000 r-xp 0000e000 08:07 10357041                   /usr/lib64/jvm/java-11-openjdk-11/lib/libjava.so
7f2e6fe8f000-7f2e6fe96000 r--p 00024000 08:07 10357041                   /usr/lib64/jvm/java-11-openjdk-11/lib/libjava.so
7f2e6fe96000-7f2e6fe97000 r--p 0002a000 08:07 10357041                   /usr/lib64/jvm/java-11-openjdk-11/lib/libjava.so
7f2e6fe97000-7f2e6fe98000 rw-p 0002b000 08:07 10357041                   /usr/lib64/jvm/java-11-openjdk-11/lib/libjava.so
7f2e6fe98000-7f2e6fe99000 rw-p 00000000 00:00 0 
7f2e6fe99000-7f2e6fe9a000 r--p 00000000 08:07 7746122                    /usr/lib64/librt.so.1
7f2e6fe9a000-7f2e6fe9b000 r-xp 00001000 08:07 7746122                    /usr/lib64/librt.so.1
7f2e6fe9b000-7f2e6fe9c000 r--p 00002000 08:07 7746122                    /usr/lib64/librt.so.1
7f2e6fe9c000-7f2e6fe9d000 r--p 00002000 08:07 7746122                    /usr/lib64/librt.so.1
7f2e6fe9d000-7f2e6fe9e000 rw-p 00003000 08:07 7746122                    /usr/lib64/librt.so.1
7f2e6fe9e000-7f2e6fea2000 ---p 00000000 00:00 0 
7f2e6fea2000-7f2e6ff9e000 rw-p 00000000 00:00 0 
7f2e6ff9e000-7f2e6ffa1000 r--p 00000000 08:07 7755054                    /usr/lib64/libgcc_s.so.1
7f2e6ffa1000-7f2e6ffb3000 r-xp 00003000 08:07 7755054                    /usr/lib64/libgcc_s.so.1
7f2e6ffb3000-7f2e6ffb6000 r--p 00015000 08:07 7755054                    /usr/lib64/libgcc_s.so.1
7f2e6ffb6000-7f2e6ffb7000 r--p 00017000 08:07 7755054                    /usr/lib64/libgcc_s.so.1
7f2e6ffb7000-7f2e6ffb8000 rw-p 00018000 08:07 7755054                    /usr/lib64/libgcc_s.so.1
7f2e6ffb8000-7f2e6ffc7000 r--p 00000000 08:07 7745683                    /usr/lib64/libm.so.6
7f2e6ffc7000-7f2e70038000 r-xp 0000f000 08:07 7745683                    /usr/lib64/libm.so.6
7f2e70038000-7f2e70092000 r--p 00080000 08:07 7745683                    /usr/lib64/libm.so.6
7f2e70092000-7f2e70093000 r--p 000d9000 08:07 7745683                    /usr/lib64/libm.so.6
7f2e70093000-7f2e70094000 rw-p 000da000 08:07 7745683                    /usr/lib64/libm.so.6
7f2e70094000-7f2e70135000 r--p 00000000 08:07 7755458                    /usr/lib64/libstdc++.so.6.0.29
7f2e70135000-7f2e7022f000 r-xp 000a1000 08:07 7755458                    /usr/lib64/libstdc++.so.6.0.29
7f2e7022f000-7f2e7029b000 r--p 0019b000 08:07 7755458                    /usr/lib64/libstdc++.so.6.0.29
7f2e7029b000-7f2e7029c000 ---p 00207000 08:07 7755458                    /usr/lib64/libstdc++.so.6.0.29
7f2e7029c000-7f2e702a7000 r--p 00207000 08:07 7755458                    /usr/lib64/libstdc++.so.6.0.29
7f2e702a7000-7f2e702aa000 rw-p 00212000 08:07 7755458                    /usr/lib64/libstdc++.so.6.0.29
7f2e702aa000-7f2e702ad000 rw-p 00000000 00:00 0 
7f2e702ad000-7f2e7052f000 r--p 00000000 08:07 10357093                   /usr/lib64/jvm/java-11-openjdk-11/lib/server/libjvm.so
7f2e7052f000-7f2e711bc000 r-xp 00282000 08:07 10357093                   /usr/lib64/jvm/java-11-openjdk-11/lib/server/libjvm.so
7f2e711bc000-7f2e71412000 r--p 00f0f000 08:07 10357093                   /usr/lib64/jvm/java-11-openjdk-11/lib/server/libjvm.so
7f2e71412000-7f2e714d6000 r--p 01164000 08:07 10357093                   /usr/lib64/jvm/java-11-openjdk-11/lib/server/libjvm.so
7f2e714d6000-7f2e71511000 rw-p 01228000 08:07 10357093                   /usr/lib64/jvm/java-11-openjdk-11/lib/server/libjvm.so
7f2e71511000-7f2e7156b000 rw-p 00000000 00:00 0 
7f2e7156b000-7f2e7156e000 r--p 00000000 08:07 7755372                    /usr/lib64/libz.so.1.2.11
7f2e7156e000-7f2e7157c000 r-xp 00003000 08:07 7755372                    /usr/lib64/libz.so.1.2.11
7f2e7157c000-7f2e71582000 r--p 00011000 08:07 7755372                    /usr/lib64/libz.so.1.2.11
7f2e71582000-7f2e71583000 ---p 00017000 08:07 7755372                    /usr/lib64/libz.so.1.2.11
7f2e71583000-7f2e71584000 r--p 00017000 08:07 7755372                    /usr/lib64/libz.so.1.2.11
7f2e71584000-7f2e71585000 rw-p 00018000 08:07 7755372                    /usr/lib64/libz.so.1.2.11
7f2e71585000-7f2e715b1000 r--p 00000000 08:07 7745680                    /usr/lib64/libc.so.6
7f2e715b1000-7f2e71727000 r-xp 0002c000 08:07 7745680                    /usr/lib64/libc.so.6
7f2e71727000-7f2e7177b000 r--p 001a2000 08:07 7745680                    /usr/lib64/libc.so.6
7f2e7177b000-7f2e7177c000 ---p 001f6000 08:07 7745680                    /usr/lib64/libc.so.6
7f2e7177c000-7f2e7177f000 r--p 001f6000 08:07 7745680                    /usr/lib64/libc.so.6
7f2e7177f000-7f2e71782000 rw-p 001f9000 08:07 7745680                    /usr/lib64/libc.so.6
7f2e71782000-7f2e7178f000 rw-p 00000000 00:00 0 
7f2e7178f000-7f2e71794000 r--p 00000000 08:07 10357078                   /usr/lib64/jvm/java-11-openjdk-11/lib/libverify.so
7f2e71794000-7f2e7179b000 r-xp 00005000 08:07 10357078                   /usr/lib64/jvm/java-11-openjdk-11/lib/libverify.so
7f2e7179b000-7f2e7179d000 r--p 0000c000 08:07 10357078                   /usr/lib64/jvm/java-11-openjdk-11/lib/libverify.so
7f2e7179d000-7f2e7179f000 r--p 0000d000 08:07 10357078                   /usr/lib64/jvm/java-11-openjdk-11/lib/libverify.so
7f2e7179f000-7f2e717a0000 rw-p 0000f000 08:07 10357078                   /usr/lib64/jvm/java-11-openjdk-11/lib/libverify.so
7f2e717a0000-7f2e717a3000 r--p 00000000 08:07 10357007                   /usr/lib64/jvm/java-11-openjdk-11/lib/jli/libjli.so
7f2e717a3000-7f2e717ad000 r-xp 00003000 08:07 10357007                   /usr/lib64/jvm/java-11-openjdk-11/lib/jli/libjli.so
7f2e717ad000-7f2e717b0000 r--p 0000d000 08:07 10357007                   /usr/lib64/jvm/java-11-openjdk-11/lib/jli/libjli.so
7f2e717b0000-7f2e717b1000 ---p 00010000 08:07 10357007                   /usr/lib64/jvm/java-11-openjdk-11/lib/jli/libjli.so
7f2e717b1000-7f2e717b2000 r--p 00010000 08:07 10357007                   /usr/lib64/jvm/java-11-openjdk-11/lib/jli/libjli.so
7f2e717b2000-7f2e717b3000 rw-p 00011000 08:07 10357007                   /usr/lib64/jvm/java-11-openjdk-11/lib/jli/libjli.so
7f2e717b3000-7f2e717b5000 rw-p 00000000 00:00 0 
7f2e717b5000-7f2e717b6000 r--p 00000000 08:07 7745676                    /usr/lib64/ld-linux-x86-64.so.2
7f2e717b6000-7f2e717db000 r-xp 00001000 08:07 7745676                    /usr/lib64/ld-linux-x86-64.so.2
7f2e717db000-7f2e717e5000 r--p 00026000 08:07 7745676                    /usr/lib64/ld-linux-x86-64.so.2
7f2e717e5000-7f2e717e7000 r--p 0002f000 08:07 7745676                    /usr/lib64/ld-linux-x86-64.so.2
7f2e717e7000-7f2e717e9000 rw-p 00031000 08:07 7745676                    /usr/lib64/ld-linux-x86-64.so.2
7ffc6db33000-7ffc6db57000 rw-p 00000000 00:00 0                          [stack]
7ffc6dbed000-7ffc6dbf1000 r--p 00000000 00:00 0                          [vvar]
7ffc6dbf1000-7ffc6dbf3000 r-xp 00000000 00:00 0                          [vdso]
ffffffffff600000-ffffffffff601000 --xp 00000000 00:00 0                  [vsyscall]


VM Arguments:
jvm_args: -Dcom.sun.management.jmxremote -Dcom.sun.management.jmxremote.port=41341 -Dcom.sun.management.jmxremote.authenticate=false -Dcom.sun.management.jmxremote.ssl=false -Djava.rmi.server.hostname=localhost -Dspring.jmx.enabled=true -Dspring.application.admin.enabled=true -Djava.security.egd=file:/dev/./urandom -Xverify:none -XX:TieredStopAtLevel=1 -Dspring.boot.project.name=tama -Dfile.encoding=UTF-8 
java_command: com.eniso.tama.TamaApplication --spring.output.ansi.enabled=always
java_class_path (initial): /home/nourhene/Desktop/Tama/Tama-Back2/backend-TAMA/target/classes:/home/nourhene/.m2/repository/org/springframework/boot/spring-boot-starter-jdbc/2.3.2.RELEASE/spring-boot-starter-jdbc-2.3.2.RELEASE.jar:/home/nourhene/.m2/repository/org/springframework/boot/spring-boot-starter/2.3.2.RELEASE/spring-boot-starter-2.3.2.RELEASE.jar:/home/nourhene/.m2/repository/org/springframework/boot/spring-boot-starter-logging/2.3.2.RELEASE/spring-boot-starter-logging-2.3.2.RELEASE.jar:/home/nourhene/.m2/repository/ch/qos/logback/logback-classic/1.2.3/logback-classic-1.2.3.jar:/home/nourhene/.m2/repository/ch/qos/logback/logback-core/1.2.3/logback-core-1.2.3.jar:/home/nourhene/.m2/repository/org/apache/logging/log4j/log4j-to-slf4j/2.13.3/log4j-to-slf4j-2.13.3.jar:/home/nourhene/.m2/repository/org/apache/logging/log4j/log4j-api/2.13.3/log4j-api-2.13.3.jar:/home/nourhene/.m2/repository/org/slf4j/jul-to-slf4j/1.7.30/jul-to-slf4j-1.7.30.jar:/home/nourhene/.m2/repository/jakarta/annotation/jakarta.annotation-api/1.3.5/jakarta.annotation-api-1.3.5.jar:/home/nourhene/.m2/repository/org/yaml/snakeyaml/1.26/snakeyaml-1.26.jar:/home/nourhene/.m2/repository/com/zaxxer/HikariCP/3.4.5/HikariCP-3.4.5.jar:/home/nourhene/.m2/repository/org/slf4j/slf4j-api/1.7.30/slf4j-api-1.7.30.jar:/home/nourhene/.m2/repository/org/springframework/spring-jdbc/5.2.8.RELEASE/spring-jdbc-5.2.8.RELEASE.jar:/home/nourhene/.m2/repository/org/springframework/spring-beans/5.2.8.RELEASE/spring-beans-5.2.8.RELEASE.jar:/home/nourhene/.m2/repository/org/springframework/spring-tx/5.2.8.RELEASE/spring-tx-5.2.8.RELEASE.jar:/home/nourhene/.m2/repository/org/hibernate/validator/hibernate-validator/6.0.2.Final/hibernate-validator-6.0.2.Final.jar:/home/nourhene/.m2/repository/javax/validation/validation-api/2.0.1.Final/validation-api-2.0.1.Final.jar:/home/nourhene/.m2/repository/org/jboss/logging/jboss-logging/3.4.1.Final/jboss-logging-3.4.1.Final.jar:/home/nourhene/.m2/repository/com/fasterxml/classmate
Launcher Type: SUN_STANDARD

[Global flags]
     bool BytecodeVerificationLocal                = false                                     {product} {command line}
     bool BytecodeVerificationRemote               = false                                     {product} {command line}
     intx CICompilerCount                          = 3                                         {product} {ergonomic}
     uint ConcGCThreads                            = 1                                         {product} {ergonomic}
     uint G1ConcRefinementThreads                  = 4                                         {product} {ergonomic}
   size_t G1HeapRegionSize                         = 1048576                                   {product} {ergonomic}
    uintx GCDrainStackTargetSize                   = 64                                        {product} {ergonomic}
   size_t InitialHeapSize                          = 262144000                                 {product} {ergonomic}
     bool ManagementServer                         = true                                      {product} {command line}
   size_t MarkStackSize                            = 4194304                                   {product} {ergonomic}
   size_t MaxHeapSize                              = 4171235328                                {product} {ergonomic}
   size_t MaxNewSize                               = 2501902336                                {product} {ergonomic}
   size_t MinHeapDeltaBytes                        = 1048576                                   {product} {ergonomic}
    uintx NonNMethodCodeHeapSize                   = 6973028                                {pd product} {ergonomic}
    uintx NonProfiledCodeHeapSize                  = 244685212                              {pd product} {ergonomic}
    uintx ProfiledCodeHeapSize                     = 0                                      {pd product} {ergonomic}
    uintx ReservedCodeCacheSize                    = 251658240                              {pd product} {ergonomic}
     bool SegmentedCodeCache                       = true                                      {product} {ergonomic}
     intx TieredStopAtLevel                        = 1                                         {product} {command line}
     bool UseCompressedClassPointers               = true                                 {lp64_product} {ergonomic}
     bool UseCompressedOops                        = true                                 {lp64_product} {ergonomic}
     bool UseG1GC                                  = true                                      {product} {ergonomic}

Logging:
Log output configuration:
 #0: stdout all=warning uptime,level,tags
 #1: stderr all=off uptime,level,tags

Environment Variables:
JAVA_HOME=/usr/lib64/jvm/jre-openjdk
JRE_HOME=/usr/lib64/jvm/java-11-openjdk-11
PATH=/opt/wildfly/bin:/opt/maven//bin:/home/nourhene/bin:/usr/local/bin:/usr/bin:/bin
SHELL=/bin/bash
DISPLAY=:0
HOSTTYPE=x86_64
OSTYPE=linux
MACHTYPE=x86_64-suse-linux
LANG=fr_FR.UTF-8

Signal Handlers:
SIGSEGV: [libjvm.so+0xe9cb30], sa_mask[0]=11111111011111111101111111111110, sa_flags=SA_RESTART|SA_SIGINFO
SIGBUS: [libjvm.so+0xe9cb30], sa_mask[0]=11111111011111111101111111111110, sa_flags=SA_RESTART|SA_SIGINFO
SIGFPE: [libjvm.so+0xe9cb30], sa_mask[0]=11111111011111111101111111111110, sa_flags=SA_RESTART|SA_SIGINFO
SIGPIPE: [libjvm.so+0xc0c5d0], sa_mask[0]=11111111011111111101111111111110, sa_flags=SA_RESTART|SA_SIGINFO
SIGXFSZ: [libjvm.so+0xc0c5d0], sa_mask[0]=11111111011111111101111111111110, sa_flags=SA_RESTART|SA_SIGINFO
SIGILL: [libjvm.so+0xe9cb30], sa_mask[0]=11111111011111111101111111111110, sa_flags=SA_RESTART|SA_SIGINFO
SIGUSR2: [libjvm.so+0xc0c470], sa_mask[0]=00100000000000000000000000000000, sa_flags=SA_RESTART|SA_SIGINFO
SIGHUP: [libjvm.so+0xc0ca20], sa_mask[0]=11111111011111111101111111111110, sa_flags=SA_RESTART|SA_SIGINFO
SIGINT: [libjvm.so+0xc0ca20], sa_mask[0]=11111111011111111101111111111110, sa_flags=SA_RESTART|SA_SIGINFO
SIGTERM: [libjvm.so+0xc0ca20], sa_mask[0]=11111111011111111101111111111110, sa_flags=SA_RESTART|SA_SIGINFO
SIGQUIT: [libjvm.so+0xc0ca20], sa_mask[0]=11111111011111111101111111111110, sa_flags=SA_RESTART|SA_SIGINFO


---------------  S Y S T E M  ---------------

OS:NAME="openSUSE Tumbleweed"
# VERSION="20210922"
ID="opensuse-tumbleweed"
ID_LIKE="opensuse suse"
VERSION_ID="20210922"
PRETTY_NAME="openSUSE Tumbleweed"
ANSI_COLOR="0;32"
CPE_NAME="cpe:/o:opensuse:tumbleweed:20210922"
BUG_REPORT_URL="https://bugs.opensuse.org"
HOME_URL="https://www.opensuse.org/"
DOCUMENTATION_URL="https://en.opensuse.org/Portal:Tumbleweed"
LOGO="distributor-logo-Tumbleweed"
uname:Linux 5.14.5-1-default #1 SMP Thu Sep 16 12:39:52 UTC 2021 (fdb6afd) x86_64
OS uptime: 0 days 4:37 hours
libc:glibc 2.34 NPTL 2.34 
rlimit (soft/hard): STACK 8192k/infinity , CORE infinity/infinity , NPROC 63536/63536 , NOFILE 524288/524288 , AS infinity/infinity , CPU infinity/infinity , DATA infinity/infinity , FSIZE infinity/infinity , MEMLOCK 64k/64k
load average:2,02 2,31 1,92

/proc/meminfo:
MemTotal:       16291756 kB
MemFree:         2721572 kB
MemAvailable:    5659732 kB
Buffers:          350560 kB
Cached:          3376020 kB
SwapCached:            0 kB
Active:          1477380 kB
Inactive:       10901280 kB
Active(anon):      55740 kB
Inactive(anon):  9292632 kB
Active(file):    1421640 kB
Inactive(file):  1608648 kB
Unevictable:      537680 kB
Mlocked:             240 kB
SwapTotal:             0 kB
SwapFree:              0 kB
Dirty:               144 kB
Writeback:             0 kB
AnonPages:       8893360 kB
Mapped:          1083920 kB
Shmem:            693552 kB
KReclaimable:     249380 kB
Slab:             399380 kB
SReclaimable:     249380 kB
SUnreclaim:       150000 kB
KernelStack:       23312 kB
PageTables:       133248 kB
NFS_Unstable:          0 kB
Bounce:                0 kB
WritebackTmp:          0 kB
CommitLimit:     8145876 kB
Committed_AS:   16752908 kB
VmallocTotal:   34359738367 kB
VmallocUsed:       47584 kB
VmallocChunk:          0 kB
Percpu:             2048 kB
HardwareCorrupted:     0 kB
AnonHugePages:   3041280 kB
ShmemHugePages:        0 kB
ShmemPmdMapped:        0 kB
FileHugePages:     36864 kB
FilePmdMapped:     32768 kB
CmaTotal:              0 kB
CmaFree:               0 kB
HugePages_Total:       0
HugePages_Free:        0
HugePages_Rsvd:        0
HugePages_Surp:        0
Hugepagesize:       2048 kB
Hugetlb:               0 kB
DirectMap4k:      335352 kB
DirectMap2M:    16355328 kB
DirectMap1G:           0 kB

/sys/kernel/mm/transparent_hugepage/enabled:
[always] madvise never
/sys/kernel/mm/transparent_hugepage/defrag (defrag/compaction efforts parameter):
always defer defer+madvise [madvise] never

Process Memory:
Virtual Size: 7910112K (peak: 7910112K)
Resident Set Size: 349116K (peak: 486220K) (anon: 329136K, file: 19940K, shmem: 40K)
Swapped out: 0K
C-Heap outstanding allocations: 54174K

/proc/sys/kernel/threads-max (system-wide limit on the number of threads):
127073
/proc/sys/vm/max_map_count (maximum number of memory map areas a process may have):
65530
/proc/sys/kernel/pid_max (system-wide limit on number of process identifiers):
32768

Steal ticks since vm start: 0
Steal ticks percentage since vm start:  0,000

CPU:total 4 (initial active 4) (2 cores per cpu, 2 threads per core) family 6 model 142 stepping 9 microcode 0xea, cmov, cx8, fxsr, mmx, sse, sse2, sse3, ssse3, sse4.1, sse4.2, popcnt, avx, avx2, aes, clmul, erms, 3dnowpref, lzcnt, ht, tsc, tscinvbit, bmi1, bmi2, adx, fma
CPU Model and flags from /proc/cpuinfo:
model name	: Intel(R) Core(TM) i7-7500U CPU @ 2.70GHz
flags		: fpu vme de pse tsc msr pae mce cx8 apic sep mtrr pge mca cmov pat pse36 clflush dts acpi mmx fxsr sse sse2 ss ht tm pbe syscall nx pdpe1gb rdtscp lm constant_tsc art arch_perfmon pebs bts rep_good nopl xtopology nonstop_tsc cpuid aperfmperf pni pclmulqdq dtes64 monitor ds_cpl vmx est tm2 ssse3 sdbg fma cx16 xtpr pdcm pcid sse4_1 sse4_2 x2apic movbe popcnt tsc_deadline_timer aes xsave avx f16c rdrand lahf_lm abm 3dnowprefetch cpuid_fault epb invpcid_single pti ssbd ibrs ibpb stibp tpr_shadow vnmi flexpriority ept vpid ept_ad fsgsbase tsc_adjust bmi1 avx2 smep bmi2 erms invpcid mpx rdseed adx smap clflushopt intel_pt xsaveopt xsavec xgetbv1 xsaves dtherm ida arat pln pts hwp hwp_notify hwp_act_window hwp_epp md_clear flush_l1d
Online cpus:
0-3
Offline cpus:

BIOS frequency limitation:
<Not Available>
Frequency switch latency (ns):
0
Available cpu frequencies:
<Not Available>
Current governor:
powersave
Core performance/turbo boost:
<Not Available>

Memory: 4k page, physical 16291756k(2721572k free), swap 0k(0k free)

vm_info: OpenJDK 64-Bit Server VM (11.0.12+7-suse-3.1-x8664) for linux-amd64 JRE (11.0.12+7-suse-3.1-x8664), built on Sep 16 2021 00:00:00 by "abuild" with gcc 11.2.1 20210816 [revision 056e324ce46a7924b5cf10f61010cf9dd2ca10e9]

END.
